usage: jupyter [-h] [--version] [--config-dir] [--data-dir] [--runtime-dir]
               [--paths] [--json] [--debug]
               [subcommand]

Jupyter: Interactive Computing

positional arguments:
  subcommand     the subcommand to launch

options:
  -h, --help     show this help message and exit
  --version      show the versions of core jupyter packages and exit
  --config-dir   show Jupyter config dir
  --data-dir     show Jupyter data dir
  --runtime-dir  show Jupyter runtime dir
  --paths        show all Jupyter paths. Add --json for machine-readable
                 format.
  --json         output paths as machine-readable json
  --debug        output debug information about paths

Available subcommands: kernel kernelspec migrate run troubleshoot

Jupyter command `jupyter-notebook` not found.
usage: jupyter [-h] [--version] [--config-dir] [--data-dir] [--runtime-dir]
               [--paths] [--json] [--debug]
               [subcommand]

Jupyter: Interactive Computing

positional arguments:
  subcommand     the subcommand to launch

options:
  -h, --help     show this help message and exit
  --version      show the versions of core jupyter packages and exit
  --config-dir   show Jupyter config dir
  --data-dir     show Jupyter data dir
  --runtime-dir  show Jupyter runtime dir
  --paths        show all Jupyter paths. Add --json for machine-readable
                 format.
  --json         output paths as machine-readable json
  --debug        output debug information about paths

Available subcommands: kernel kernelspec migrate run troubleshoot

Jupyter command `jupyter-notebook` not found.
[I 2025-12-24 18:54:56.104 ServerApp] Extension package panel.io.jupyter_server_extension took 0.7013s to import
[I 2025-12-24 18:54:56.105 ServerApp] jupyter_lsp | extension was successfully linked.
[I 2025-12-24 18:54:56.108 ServerApp] jupyter_server_terminals | extension was successfully linked.
[I 2025-12-24 18:54:56.111 ServerApp] jupyterlab | extension was successfully linked.
[I 2025-12-24 18:54:56.114 ServerApp] notebook | extension was successfully linked.
[I 2025-12-24 18:54:56.368 ServerApp] notebook_shim | extension was successfully linked.
[I 2025-12-24 18:54:56.368 ServerApp] panel.io.jupyter_server_extension | extension was successfully linked.
[I 2025-12-24 18:54:57.647 ServerApp] nb_conda_kernels | enabled, 4 kernels found.
[I 2025-12-24 18:54:57.660 ServerApp] notebook_shim | extension was successfully loaded.
[I 2025-12-24 18:54:57.662 ServerApp] jupyter_lsp | extension was successfully loaded.
[I 2025-12-24 18:54:57.662 ServerApp] jupyter_server_terminals | extension was successfully loaded.
[I 2025-12-24 18:54:57.664 LabApp] JupyterLab extension loaded from /mnt/optdata/anaconda3/lib/python3.13/site-packages/jupyterlab
[I 2025-12-24 18:54:57.664 LabApp] JupyterLab application directory is /mnt/optdata/anaconda3/share/jupyter/lab
[I 2025-12-24 18:54:57.664 LabApp] Extension Manager is 'pypi'.
[I 2025-12-24 18:54:57.687 ServerApp] jupyterlab | extension was successfully loaded.
[I 2025-12-24 18:54:57.689 ServerApp] notebook | extension was successfully loaded.
[I 2025-12-24 18:54:57.690 ServerApp] panel.io.jupyter_server_extension | extension was successfully loaded.
[I 2025-12-24 18:54:57.691 ServerApp] Serving notebooks from local directory: /home/jeking/github/pandas_numpy_matplotlib/EDA
[I 2025-12-24 18:54:57.691 ServerApp] Jupyter Server 2.17.0 is running at:
[I 2025-12-24 18:54:57.691 ServerApp] http://localhost:8888/tree?token=824b8b43b0e7ead7617ce9c05c1559da256f6bf019c6e349
[I 2025-12-24 18:54:57.691 ServerApp]     http://127.0.0.1:8888/tree?token=824b8b43b0e7ead7617ce9c05c1559da256f6bf019c6e349
[I 2025-12-24 18:54:57.691 ServerApp] Use Control-C to stop this server and shut down all kernels (twice to skip confirmation).
[C 2025-12-24 18:54:57.734 ServerApp] 
    
    To access the server, open this file in a browser:
        file:///home/jeking/.local/share/jupyter/runtime/jpserver-13560-open.html
    Or copy and paste one of these URLs:
        http://localhost:8888/tree?token=824b8b43b0e7ead7617ce9c05c1559da256f6bf019c6e349
        http://127.0.0.1:8888/tree?token=824b8b43b0e7ead7617ce9c05c1559da256f6bf019c6e349
[I 2025-12-24 18:54:57.982 ServerApp] Skipped non-installed server(s): bash-language-server, dockerfile-language-server-nodejs, javascript-typescript-langserver, jedi-language-server, julia-language-server, pyright, python-language-server, r-languageserver, sql-language-server, texlab, typescript-language-server, unified-language-server, vscode-css-languageserver-bin, vscode-html-languageserver-bin, vscode-json-languageserver-bin, yaml-language-server
[I 2025-12-24 18:55:31.302 ServerApp] Creating new notebook in 
[I 2025-12-24 18:55:31.428 ServerApp] Writing notebook-signing key to /home/jeking/.local/share/jupyter/notebook_secret
[I 2025-12-24 18:55:44.563 ServerApp] Kernel started: 9dffbe38-4840-4385-91b3-c5470dbee81a
CONDA_PREFIX=/mnt/optdata/anaconda3/envs/eda_env
[I 2025-12-24 18:55:45.697 ServerApp] Connecting to kernel 9dffbe38-4840-4385-91b3-c5470dbee81a.
[I 2025-12-24 18:55:45.700 ServerApp] Connecting to kernel 9dffbe38-4840-4385-91b3-c5470dbee81a.
[W 2025-12-24 18:55:45.702 ServerApp] The websocket_ping_timeout (90000) cannot be longer than the websocket_ping_interval (30000).
    Setting websocket_ping_timeout=30000
[I 2025-12-24 18:55:45.711 ServerApp] Connecting to kernel 9dffbe38-4840-4385-91b3-c5470dbee81a.
[I 2025-12-24 18:57:56.164 ServerApp] Saving file at /chapter1.ipynb
[I 2025-12-24 18:58:30.165 ServerApp] Connecting to kernel 9dffbe38-4840-4385-91b3-c5470dbee81a.
[I 2025-12-24 19:03:48.159 ServerApp] Creating new notebook in 
[I 2025-12-24 19:03:49.023 ServerApp] Connecting to kernel 9dffbe38-4840-4385-91b3-c5470dbee81a.
[I 2025-12-24 19:03:51.431 ServerApp] Kernel started: ed1effd4-7b52-420e-b98f-c258f55ce3f9
[I 2025-12-24 19:03:51.924 ServerApp] Connecting to kernel ed1effd4-7b52-420e-b98f-c258f55ce3f9.
[I 2025-12-24 19:03:51.927 ServerApp] Connecting to kernel ed1effd4-7b52-420e-b98f-c258f55ce3f9.
[I 2025-12-24 19:03:51.938 ServerApp] Connecting to kernel ed1effd4-7b52-420e-b98f-c258f55ce3f9.
[I 2025-12-24 19:04:38.151 ServerApp] Connecting to kernel 9dffbe38-4840-4385-91b3-c5470dbee81a.
[I 2025-12-24 19:04:38.164 ServerApp] Connecting to kernel ed1effd4-7b52-420e-b98f-c258f55ce3f9.
[I 2025-12-24 19:04:42.102 ServerApp] Creating new notebook in 
[I 2025-12-24 19:04:42.882 ServerApp] Connecting to kernel 9dffbe38-4840-4385-91b3-c5470dbee81a.
[I 2025-12-24 19:04:42.895 ServerApp] Connecting to kernel ed1effd4-7b52-420e-b98f-c258f55ce3f9.
[I 2025-12-24 19:04:45.525 ServerApp] Kernel started: f4e1c1f7-4ef0-4dae-995d-2b58e939ea90
[I 2025-12-24 19:04:45.923 ServerApp] Connecting to kernel f4e1c1f7-4ef0-4dae-995d-2b58e939ea90.
[I 2025-12-24 19:06:13.157 ServerApp] Saving file at /sweetviz.ipynb
[I 2025-12-24 19:06:43.258 ServerApp] Saving file at /Untitled.ipynb
[I 2025-12-24 19:19:16.583 ServerApp] Connecting to kernel 9dffbe38-4840-4385-91b3-c5470dbee81a.
[I 2025-12-24 19:19:16.598 ServerApp] Connecting to kernel ed1effd4-7b52-420e-b98f-c258f55ce3f9.
[I 2025-12-24 19:19:16.614 ServerApp] Connecting to kernel f4e1c1f7-4ef0-4dae-995d-2b58e939ea90.
[I 2025-12-24 19:20:13.166 ServerApp] Connecting to kernel f4e1c1f7-4ef0-4dae-995d-2b58e939ea90.
[I 2025-12-24 19:22:21.181 ServerApp] Saving file at /chapter1.ipynb
[I 2025-12-24 19:28:22.150 ServerApp] Saving file at /chapter1.ipynb
[I 2025-12-24 19:30:22.196 ServerApp] Saving file at /chapter1.ipynb
[I 2025-12-24 19:31:43.303 ServerApp] Saving file at /chapter1.ipynb
[I 2025-12-24 19:33:01.262 ServerApp] Saving file at /chapter1.ipynb
[I 2025-12-24 19:34:21.446 ServerApp] Saving file at /chapter1.ipynb
[I 2025-12-24 19:35:43.799 ServerApp] Saving file at /chapter1.ipynb
[I 2025-12-24 19:37:43.861 ServerApp] Saving file at /chapter1.ipynb
[I 2025-12-24 19:37:58.315 ServerApp] Saving file at /chapter1.ipynb
[I 2025-12-24 19:40:33.944 ServerApp] Starting buffering for 9dffbe38-4840-4385-91b3-c5470dbee81a:51925d24-ad86-441f-a4e8-d8e30a17f94f
[I 2025-12-24 19:40:39.208 ServerApp] Connecting to kernel 9dffbe38-4840-4385-91b3-c5470dbee81a.
[I 2025-12-24 19:40:39.223 ServerApp] Connecting to kernel ed1effd4-7b52-420e-b98f-c258f55ce3f9.
[I 2025-12-24 19:40:39.244 ServerApp] Connecting to kernel f4e1c1f7-4ef0-4dae-995d-2b58e939ea90.
[I 2025-12-24 19:40:39.560 ServerApp] Starting buffering for 9dffbe38-4840-4385-91b3-c5470dbee81a:161ced57-d7b9-42d3-8647-d6bec9ae2b0c
[I 2025-12-24 19:40:39.947 ServerApp] Connecting to kernel 9dffbe38-4840-4385-91b3-c5470dbee81a.
[I 2025-12-24 19:42:26.429 ServerApp] Saving file at /chapter1.ipynb
[I 2025-12-24 19:44:26.489 ServerApp] Saving file at /chapter1.ipynb
[I 2025-12-24 19:45:42.552 ServerApp] Kernel interrupted: 9dffbe38-4840-4385-91b3-c5470dbee81a
[I 2025-12-24 19:46:27.161 ServerApp] Saving file at /chapter1.ipynb
[I 2025-12-24 19:48:05.395 ServerApp] Saving file at /chapter1.ipynb
[I 2025-12-24 19:55:26.993 ServerApp] Saving file at /chapter1.ipynb
[I 2025-12-24 19:57:56.950 ServerApp] Starting buffering for 9dffbe38-4840-4385-91b3-c5470dbee81a:ec1cd34a-62e1-4978-9fe2-a50080b68d46
[I 2025-12-24 19:57:57.579 ServerApp] Starting buffering for f4e1c1f7-4ef0-4dae-995d-2b58e939ea90:25bfe566-7a14-4412-a6ef-06909e9c4235
[I 2025-12-24 19:57:58.329 ServerApp] Starting buffering for ed1effd4-7b52-420e-b98f-c258f55ce3f9:60f735d7-9f0c-4fa7-b11c-9453acef7ae7
[I 2025-12-24 19:58:06.065 ServerApp] Connecting to kernel 9dffbe38-4840-4385-91b3-c5470dbee81a.
[I 2025-12-24 19:58:06.080 ServerApp] Connecting to kernel ed1effd4-7b52-420e-b98f-c258f55ce3f9.
[I 2025-12-24 19:58:06.098 ServerApp] Connecting to kernel f4e1c1f7-4ef0-4dae-995d-2b58e939ea90.
[I 2025-12-24 19:58:06.246 ServerApp] Starting buffering for 9dffbe38-4840-4385-91b3-c5470dbee81a:a8660beb-e3dc-4ecb-9919-0bcd1d8ba01b
[I 2025-12-24 19:58:06.247 ServerApp] Starting buffering for ed1effd4-7b52-420e-b98f-c258f55ce3f9:67a21e60-bffa-4759-b7e1-bcd1bb01c525
[I 2025-12-24 19:58:06.247 ServerApp] Starting buffering for f4e1c1f7-4ef0-4dae-995d-2b58e939ea90:f6bc0f5a-70b0-476d-bbc7-52ed776e0cbf
[I 2025-12-24 19:58:14.087 ServerApp] Connecting to kernel 9dffbe38-4840-4385-91b3-c5470dbee81a.
[I 2025-12-24 19:58:14.109 ServerApp] Connecting to kernel ed1effd4-7b52-420e-b98f-c258f55ce3f9.
[I 2025-12-24 19:58:14.124 ServerApp] Connecting to kernel f4e1c1f7-4ef0-4dae-995d-2b58e939ea90.
[I 2025-12-24 19:58:14.413 ServerApp] Starting buffering for f4e1c1f7-4ef0-4dae-995d-2b58e939ea90:fedeb71e-0864-4907-975f-7b11d3154059
[I 2025-12-24 19:58:14.415 ServerApp] Starting buffering for 9dffbe38-4840-4385-91b3-c5470dbee81a:145fd10a-171b-4ae2-a320-6633191dd2cf
[I 2025-12-24 19:58:14.416 ServerApp] Starting buffering for ed1effd4-7b52-420e-b98f-c258f55ce3f9:7d680791-b7ed-4796-8dd2-124dbf9adcec
[I 2025-12-24 19:58:14.553 ServerApp] Kernel started: 8e27d0cd-1a70-4a0d-89a4-e3357ee830bc
[I 2025-12-24 19:58:15.078 ServerApp] Connecting to kernel 8e27d0cd-1a70-4a0d-89a4-e3357ee830bc.
[I 2025-12-24 19:58:16.947 ServerApp] Connecting to kernel 9dffbe38-4840-4385-91b3-c5470dbee81a.
[I 2025-12-24 19:58:16.962 ServerApp] Connecting to kernel ed1effd4-7b52-420e-b98f-c258f55ce3f9.
[I 2025-12-24 19:58:16.974 ServerApp] Connecting to kernel f4e1c1f7-4ef0-4dae-995d-2b58e939ea90.
[I 2025-12-24 19:58:16.988 ServerApp] Connecting to kernel 8e27d0cd-1a70-4a0d-89a4-e3357ee830bc.
[I 2025-12-24 19:58:17.206 ServerApp] Starting buffering for ed1effd4-7b52-420e-b98f-c258f55ce3f9:32b9c332-9798-4419-b1bc-81d43d31d43d
[I 2025-12-24 19:58:17.223 ServerApp] Starting buffering for f4e1c1f7-4ef0-4dae-995d-2b58e939ea90:6fb28db3-92da-4b34-8d04-372ff138e9cb
[I 2025-12-24 19:58:17.224 ServerApp] Starting buffering for 9dffbe38-4840-4385-91b3-c5470dbee81a:b0b5191c-a60a-4379-8aa0-c0d7eeb461d3
[I 2025-12-24 19:58:17.356 ServerApp] Kernel started: 802350d1-b431-4f36-bd1f-831ebb377005
[I 2025-12-24 19:58:17.801 ServerApp] Connecting to kernel 802350d1-b431-4f36-bd1f-831ebb377005.
[I 2025-12-24 19:58:58.762 ServerApp] Starting buffering for 802350d1-b431-4f36-bd1f-831ebb377005:0b80a861-252d-4b2d-9eb3-7b445c4de04b
[W 2025-12-24 19:59:00.142 ServerApp] 404 GET /api/contents/chapter1?content=1&hash=0&1766624340138 (aa34bcd7476c423c8e68c5c14c1ab913@::1) 1.44ms referer=http://localhost:8888/tree/chapter1
[W 2025-12-24 19:59:00.143 ServerApp] 404 GET /api/contents/chapter1?content=1&hash=0&1766624340138 (::1): No such file or directory: chapter1
[I 2025-12-24 19:59:00.207 ServerApp] Starting buffering for 8e27d0cd-1a70-4a0d-89a4-e3357ee830bc:d8cb8f44-5da7-430d-aa78-137e3a1ec386
[I 2025-12-24 19:59:15.064 ServerApp] Connecting to kernel 9dffbe38-4840-4385-91b3-c5470dbee81a.
[I 2025-12-24 19:59:15.080 ServerApp] Connecting to kernel ed1effd4-7b52-420e-b98f-c258f55ce3f9.
[I 2025-12-24 19:59:15.092 ServerApp] Connecting to kernel f4e1c1f7-4ef0-4dae-995d-2b58e939ea90.
[I 2025-12-24 19:59:15.107 ServerApp] Connecting to kernel 8e27d0cd-1a70-4a0d-89a4-e3357ee830bc.
[I 2025-12-24 19:59:15.121 ServerApp] Connecting to kernel 802350d1-b431-4f36-bd1f-831ebb377005.
[I 2025-12-24 19:59:15.356 ServerApp] Starting buffering for 9dffbe38-4840-4385-91b3-c5470dbee81a:23dda19e-31d6-4d66-b177-6bb4df658e2e
[I 2025-12-24 19:59:15.363 ServerApp] Starting buffering for ed1effd4-7b52-420e-b98f-c258f55ce3f9:494beced-74f3-403b-b327-c8c780e45e5f
[I 2025-12-24 19:59:15.363 ServerApp] Starting buffering for f4e1c1f7-4ef0-4dae-995d-2b58e939ea90:a96e53bd-1086-4e8f-80c3-db16570caa12
[I 2025-12-24 19:59:15.364 ServerApp] Starting buffering for 8e27d0cd-1a70-4a0d-89a4-e3357ee830bc:ef858ad9-3117-4630-8c02-12316fd8bd4a
[I 2025-12-24 19:59:15.364 ServerApp] Starting buffering for 802350d1-b431-4f36-bd1f-831ebb377005:7fbc8779-1960-46e5-b6c4-a0d5d790cfdf
[I 2025-12-24 19:59:15.869 ServerApp] Kernel started: 767ac83c-fede-493f-bf9d-83e60606a704
CONDA_PREFIX=/mnt/optdata/anaconda3/envs/eda_env
[E 2025-12-24 19:59:17.163 ServerApp] Uncaught exception GET /api/kernels/767ac83c-fede-493f-bf9d-83e60606a704/channels?session_id=ddc6771b-6c6a-4947-801f-20ac9c9b99e1 (::1)
    HTTPServerRequest(protocol='http', host='localhost:8888', method='GET', uri='/api/kernels/767ac83c-fede-493f-bf9d-83e60606a704/channels?session_id=ddc6771b-6c6a-4947-801f-20ac9c9b99e1', version='HTTP/1.1', remote_ip='::1')
    Traceback (most recent call last):
      File "/mnt/optdata/anaconda3/lib/python3.13/site-packages/tornado/web.py", line 1859, in _execute
        result = await result
                 ^^^^^^^^^^^^
      File "/mnt/optdata/anaconda3/lib/python3.13/site-packages/jupyter_server/services/kernels/websocket.py", line 66, in get
        await super().get(kernel_id=kernel_id)
      File "/mnt/optdata/anaconda3/lib/python3.13/site-packages/tornado/websocket.py", line 277, in get
        await self.ws_connection.accept_connection(self)
      File "/mnt/optdata/anaconda3/lib/python3.13/site-packages/tornado/websocket.py", line 890, in accept_connection
        await self._accept_connection(handler)
      File "/mnt/optdata/anaconda3/lib/python3.13/site-packages/tornado/websocket.py", line 930, in _accept_connection
        self.selected_subprotocol = handler.select_subprotocol(subprotocols)
                                    ~~~~~~~~~~~~~~~~~~~~~~~~~~^^^^^^^^^^^^^^
      File "/mnt/optdata/anaconda3/lib/python3.13/site-packages/jupyter_server/services/kernels/websocket.py", line 88, in select_subprotocol
        preferred_protocol = self.connection.kernel_ws_protocol
                             ^^^^^^^^^^^^^^^^^^^^^^^^^^^^^^^^^^
    AttributeError: 'NoneType' object has no attribute 'kernel_ws_protocol'
[E 2025-12-24 19:59:17.241 ServerApp] {
      "Host": "localhost:8888",
      "User-Agent": "Mozilla/5.0 (X11; Linux x86_64) AppleWebKit/537.36 (KHTML, like Gecko) Chrome/143.0.0.0 Safari/537.36"
    }
[E 2025-12-24 19:59:17.241 ServerApp] 500 GET /api/kernels/767ac83c-fede-493f-bf9d-83e60606a704/channels?session_id=ddc6771b-6c6a-4947-801f-20ac9c9b99e1 (aa34bcd7476c423c8e68c5c14c1ab913@::1) 1360.62ms referer=None
[I 2025-12-24 20:00:42.312 ServerApp] Connecting to kernel 9dffbe38-4840-4385-91b3-c5470dbee81a.
[I 2025-12-24 20:00:42.326 ServerApp] Connecting to kernel ed1effd4-7b52-420e-b98f-c258f55ce3f9.
[I 2025-12-24 20:00:42.339 ServerApp] Connecting to kernel f4e1c1f7-4ef0-4dae-995d-2b58e939ea90.
[I 2025-12-24 20:00:42.354 ServerApp] Connecting to kernel 8e27d0cd-1a70-4a0d-89a4-e3357ee830bc.
[I 2025-12-24 20:00:42.367 ServerApp] Connecting to kernel 802350d1-b431-4f36-bd1f-831ebb377005.
[I 2025-12-24 20:00:42.379 ServerApp] Connecting to kernel 767ac83c-fede-493f-bf9d-83e60606a704.
[I 2025-12-24 20:00:42.658 ServerApp] Starting buffering for 9dffbe38-4840-4385-91b3-c5470dbee81a:0fbccd04-4b9a-4ebb-bb16-6771c79abcab
[I 2025-12-24 20:00:42.660 ServerApp] Starting buffering for ed1effd4-7b52-420e-b98f-c258f55ce3f9:c66b6ecf-45e4-4e39-8de8-020d3ac09b6b
[I 2025-12-24 20:00:42.661 ServerApp] Starting buffering for f4e1c1f7-4ef0-4dae-995d-2b58e939ea90:0c551e19-b746-4aa3-b500-7738b592d6ca
[I 2025-12-24 20:00:42.662 ServerApp] Starting buffering for 8e27d0cd-1a70-4a0d-89a4-e3357ee830bc:11d2a716-7c80-4575-a9e5-27f082a6d906
[I 2025-12-24 20:00:42.663 ServerApp] Starting buffering for 802350d1-b431-4f36-bd1f-831ebb377005:d39a7ea5-2a0e-434f-8274-c94262832e90
[I 2025-12-24 20:00:42.724 ServerApp] Kernel started: 3de161ef-bfad-4baf-b82a-8e9491c847bd
[I 2025-12-24 20:00:43.245 ServerApp] Connecting to kernel 3de161ef-bfad-4baf-b82a-8e9491c847bd.
[I 2025-12-24 20:00:44.688 ServerApp] Connecting to kernel 9dffbe38-4840-4385-91b3-c5470dbee81a.
[I 2025-12-24 20:00:44.710 ServerApp] Connecting to kernel ed1effd4-7b52-420e-b98f-c258f55ce3f9.
[I 2025-12-24 20:00:44.725 ServerApp] Connecting to kernel f4e1c1f7-4ef0-4dae-995d-2b58e939ea90.
[I 2025-12-24 20:00:44.738 ServerApp] Connecting to kernel 8e27d0cd-1a70-4a0d-89a4-e3357ee830bc.
[I 2025-12-24 20:00:44.754 ServerApp] Connecting to kernel 802350d1-b431-4f36-bd1f-831ebb377005.
[I 2025-12-24 20:00:44.768 ServerApp] Connecting to kernel 767ac83c-fede-493f-bf9d-83e60606a704.
[I 2025-12-24 20:00:44.782 ServerApp] Connecting to kernel 3de161ef-bfad-4baf-b82a-8e9491c847bd.
[I 2025-12-24 20:00:45.012 ServerApp] Starting buffering for 9dffbe38-4840-4385-91b3-c5470dbee81a:ca87bb10-c411-4b81-a7c6-a80dd593a04a
[I 2025-12-24 20:00:45.013 ServerApp] Starting buffering for 802350d1-b431-4f36-bd1f-831ebb377005:1fa709aa-f4b4-4284-8634-80af697d796f
[I 2025-12-24 20:00:45.015 ServerApp] Starting buffering for f4e1c1f7-4ef0-4dae-995d-2b58e939ea90:d98025f1-c246-4008-b77f-e6e584ef3ca5
[I 2025-12-24 20:00:45.015 ServerApp] Starting buffering for 8e27d0cd-1a70-4a0d-89a4-e3357ee830bc:d8967045-149d-4e9e-90c0-907e730b73ee
[I 2025-12-24 20:00:45.016 ServerApp] Starting buffering for ed1effd4-7b52-420e-b98f-c258f55ce3f9:eb01454b-f190-4c9f-8629-e1cabc9db5c6
[I 2025-12-24 20:00:45.172 ServerApp] Kernel started: ba2098e9-f1b0-4980-a89f-1fcb7ed511df
[I 2025-12-24 20:00:45.641 ServerApp] Connecting to kernel ba2098e9-f1b0-4980-a89f-1fcb7ed511df.
[I 2025-12-24 20:06:42.692 ServerApp] Saving file at /automatedEDA/sweetviz.ipynb
[I 2025-12-24 20:12:42.749 ServerApp] Saving file at /automatedEDA/sweetviz.ipynb
[I 2025-12-24 20:14:42.807 ServerApp] Saving file at /automatedEDA/sweetviz.ipynb
[I 2025-12-24 20:16:42.861 ServerApp] Saving file at /automatedEDA/sweetviz.ipynb
[I 2025-12-24 20:18:05.037 ServerApp] Saving file at /automatedEDA/sweetviz.ipynb
[I 2025-12-24 20:18:51.358 ServerApp] Saving file at /automatedEDA/sweetviz.ipynb
[I 2025-12-24 20:18:53.258 ServerApp] Starting buffering for 3de161ef-bfad-4baf-b82a-8e9491c847bd:1c3765e7-2442-4059-9256-b103cbef5ba0
[I 2025-12-24 20:18:55.264 ServerApp] Saving file at /automatedEDA/y-data.ipynb
[I 2025-12-24 20:22:55.325 ServerApp] Saving file at /automatedEDA/y-data.ipynb
[I 2025-12-24 20:23:58.128 ServerApp] Saving file at /automatedEDA/y-data.ipynb
[I 2025-12-24 20:29:58.252 ServerApp] Saving file at /automatedEDA/y-data.ipynb
[I 2025-12-24 20:30:13.132 ServerApp] Connecting to kernel 9dffbe38-4840-4385-91b3-c5470dbee81a.
[I 2025-12-24 20:30:13.153 ServerApp] Connecting to kernel ed1effd4-7b52-420e-b98f-c258f55ce3f9.
[I 2025-12-24 20:30:13.166 ServerApp] Connecting to kernel f4e1c1f7-4ef0-4dae-995d-2b58e939ea90.
[I 2025-12-24 20:30:13.180 ServerApp] Connecting to kernel 8e27d0cd-1a70-4a0d-89a4-e3357ee830bc.
[I 2025-12-24 20:30:13.193 ServerApp] Connecting to kernel 802350d1-b431-4f36-bd1f-831ebb377005.
[I 2025-12-24 20:30:13.206 ServerApp] Connecting to kernel 767ac83c-fede-493f-bf9d-83e60606a704.
[I 2025-12-24 20:30:13.224 ServerApp] Connecting to kernel ba2098e9-f1b0-4980-a89f-1fcb7ed511df.
[I 2025-12-24 20:30:13.252 ServerApp] Connecting to kernel 3de161ef-bfad-4baf-b82a-8e9491c847bd.
[I 2025-12-24 20:30:13.601 ServerApp] Starting buffering for 9dffbe38-4840-4385-91b3-c5470dbee81a:67900b4c-f38e-420a-b49d-ebb030a7ead9
[I 2025-12-24 20:30:13.603 ServerApp] Starting buffering for ed1effd4-7b52-420e-b98f-c258f55ce3f9:b4b20b72-0904-4944-a70c-40738cf91268
[I 2025-12-24 20:30:13.604 ServerApp] Starting buffering for f4e1c1f7-4ef0-4dae-995d-2b58e939ea90:0d329a68-261e-4caf-a859-0b6f414756cd
[I 2025-12-24 20:30:13.605 ServerApp] Starting buffering for 8e27d0cd-1a70-4a0d-89a4-e3357ee830bc:95d41962-ae1d-4466-8b87-444155c470dd
[I 2025-12-24 20:30:13.606 ServerApp] Starting buffering for 802350d1-b431-4f36-bd1f-831ebb377005:d46ddd0d-c7ef-4b10-83ff-588f4cf2db28
[I 2025-12-24 20:30:13.637 ServerApp] Starting buffering for 3de161ef-bfad-4baf-b82a-8e9491c847bd:38b692e8-c139-4d74-a39c-451157fc42f9
[I 2025-12-24 20:31:08.952 ServerApp] Saving file at /automatedEDA/y-data.ipynb
[I 2025-12-24 20:31:46.795 ServerApp] Starting buffering for ba2098e9-f1b0-4980-a89f-1fcb7ed511df:ac1cbb39-753c-43cc-abe8-fe46ef876a9a
[I 2025-12-24 20:32:01.241 ServerApp] Creating new notebook in /chap2
[I 2025-12-24 20:32:01.902 ServerApp] Connecting to kernel 9dffbe38-4840-4385-91b3-c5470dbee81a.
[I 2025-12-24 20:32:01.921 ServerApp] Connecting to kernel ed1effd4-7b52-420e-b98f-c258f55ce3f9.
[I 2025-12-24 20:32:01.938 ServerApp] Connecting to kernel f4e1c1f7-4ef0-4dae-995d-2b58e939ea90.
[I 2025-12-24 20:32:01.954 ServerApp] Connecting to kernel 8e27d0cd-1a70-4a0d-89a4-e3357ee830bc.
[I 2025-12-24 20:32:01.967 ServerApp] Connecting to kernel 802350d1-b431-4f36-bd1f-831ebb377005.
[I 2025-12-24 20:32:01.980 ServerApp] Connecting to kernel 767ac83c-fede-493f-bf9d-83e60606a704.
[I 2025-12-24 20:32:01.993 ServerApp] Connecting to kernel 3de161ef-bfad-4baf-b82a-8e9491c847bd.
[I 2025-12-24 20:32:02.005 ServerApp] Connecting to kernel ba2098e9-f1b0-4980-a89f-1fcb7ed511df.
[I 2025-12-24 20:32:02.197 ServerApp] Starting buffering for 8e27d0cd-1a70-4a0d-89a4-e3357ee830bc:bfd1c8a9-205d-44b1-8f5d-77f756c3ed24
[I 2025-12-24 20:32:02.197 ServerApp] Starting buffering for f4e1c1f7-4ef0-4dae-995d-2b58e939ea90:9267c343-d5b0-4816-b8f8-b6232dfb942c
[I 2025-12-24 20:32:02.203 ServerApp] Starting buffering for 9dffbe38-4840-4385-91b3-c5470dbee81a:2a35aed2-8b25-411b-a2a0-40f4c3650ab0
[I 2025-12-24 20:32:02.204 ServerApp] Starting buffering for ed1effd4-7b52-420e-b98f-c258f55ce3f9:e8eb9759-9e67-4a57-ba9c-b97e597ffc97
[I 2025-12-24 20:32:02.214 ServerApp] Starting buffering for 802350d1-b431-4f36-bd1f-831ebb377005:baa9f408-9daf-4b14-9009-235802d3e006
[I 2025-12-24 20:32:02.219 ServerApp] Starting buffering for ba2098e9-f1b0-4980-a89f-1fcb7ed511df:9b46eb5b-672d-49eb-8bf5-697f223247c7
[I 2025-12-24 20:32:02.221 ServerApp] Starting buffering for 3de161ef-bfad-4baf-b82a-8e9491c847bd:31133401-4b58-45bd-8a27-c4b3ae0c3d8f
[I 2025-12-24 20:32:04.225 ServerApp] Kernel started: 7d9aba4e-2c10-4bf1-a4bc-df42d3e4b76b
[I 2025-12-24 20:32:04.661 ServerApp] Connecting to kernel 7d9aba4e-2c10-4bf1-a4bc-df42d3e4b76b.
[W 2025-12-24 20:32:17.436 ServerApp] delete /chap2/deletelater
[I 2025-12-24 20:34:11.155 ServerApp] Saving file at /chap2/chap2.ipynb
[I 2025-12-24 20:39:50.212 ServerApp] Starting buffering for 7d9aba4e-2c10-4bf1-a4bc-df42d3e4b76b:abcb5f3a-6a1e-4ee1-b30f-a5c899b6b427
[I 2025-12-24 20:40:37.175 ServerApp] Connecting to kernel 9dffbe38-4840-4385-91b3-c5470dbee81a.
[I 2025-12-24 20:40:37.189 ServerApp] Connecting to kernel ed1effd4-7b52-420e-b98f-c258f55ce3f9.
[I 2025-12-24 20:40:37.202 ServerApp] Connecting to kernel f4e1c1f7-4ef0-4dae-995d-2b58e939ea90.
[I 2025-12-24 20:40:37.216 ServerApp] Connecting to kernel 8e27d0cd-1a70-4a0d-89a4-e3357ee830bc.
[I 2025-12-24 20:40:37.237 ServerApp] Connecting to kernel 802350d1-b431-4f36-bd1f-831ebb377005.
[I 2025-12-24 20:40:37.250 ServerApp] Connecting to kernel 767ac83c-fede-493f-bf9d-83e60606a704.
[I 2025-12-24 20:40:37.264 ServerApp] Connecting to kernel ba2098e9-f1b0-4980-a89f-1fcb7ed511df.
[I 2025-12-24 20:40:37.276 ServerApp] Connecting to kernel 3de161ef-bfad-4baf-b82a-8e9491c847bd.
[I 2025-12-24 20:40:37.290 ServerApp] Connecting to kernel 7d9aba4e-2c10-4bf1-a4bc-df42d3e4b76b.
[I 2025-12-24 20:40:37.517 ServerApp] Starting buffering for 9dffbe38-4840-4385-91b3-c5470dbee81a:99628db5-36c5-4e92-ad4c-a2f83c04dcfb
[I 2025-12-24 20:40:37.518 ServerApp] Starting buffering for ed1effd4-7b52-420e-b98f-c258f55ce3f9:b1ad677f-f705-495e-ae79-57ac2697dea2
[I 2025-12-24 20:40:37.519 ServerApp] Starting buffering for 8e27d0cd-1a70-4a0d-89a4-e3357ee830bc:19f76d23-8c35-4f1b-8911-0179d0d04a88
[I 2025-12-24 20:40:37.520 ServerApp] Starting buffering for ba2098e9-f1b0-4980-a89f-1fcb7ed511df:14075ed8-f2a7-4589-8016-d00dd75cdf13
[I 2025-12-24 20:40:37.521 ServerApp] Starting buffering for 3de161ef-bfad-4baf-b82a-8e9491c847bd:21eeece5-3ece-4ca9-983c-868c7946a07e
[I 2025-12-24 20:40:37.522 ServerApp] Starting buffering for 7d9aba4e-2c10-4bf1-a4bc-df42d3e4b76b:96e2d88d-fdd4-4ede-a859-370c8df2eb64
[I 2025-12-24 20:40:37.523 ServerApp] Starting buffering for 802350d1-b431-4f36-bd1f-831ebb377005:5bb2a861-e953-4441-b371-a55bfa50cda6
[I 2025-12-24 20:40:37.524 ServerApp] Starting buffering for f4e1c1f7-4ef0-4dae-995d-2b58e939ea90:b795c83d-756e-4734-9553-3968b0fdf08a
[I 2025-12-24 20:40:37.681 ServerApp] Kernel started: 37f32703-c289-435c-be66-2936f9ee1291
[I 2025-12-24 20:40:38.147 ServerApp] Connecting to kernel 37f32703-c289-435c-be66-2936f9ee1291.
[I 2025-12-24 20:41:20.741 ServerApp] Connecting to kernel 9dffbe38-4840-4385-91b3-c5470dbee81a.
[I 2025-12-24 20:41:20.755 ServerApp] Connecting to kernel ed1effd4-7b52-420e-b98f-c258f55ce3f9.
[I 2025-12-24 20:41:20.768 ServerApp] Connecting to kernel f4e1c1f7-4ef0-4dae-995d-2b58e939ea90.
[I 2025-12-24 20:41:20.781 ServerApp] Connecting to kernel 8e27d0cd-1a70-4a0d-89a4-e3357ee830bc.
[I 2025-12-24 20:41:20.797 ServerApp] Connecting to kernel 802350d1-b431-4f36-bd1f-831ebb377005.
[I 2025-12-24 20:41:20.810 ServerApp] Connecting to kernel 767ac83c-fede-493f-bf9d-83e60606a704.
[I 2025-12-24 20:41:20.822 ServerApp] Connecting to kernel 3de161ef-bfad-4baf-b82a-8e9491c847bd.
[I 2025-12-24 20:41:20.835 ServerApp] Connecting to kernel ba2098e9-f1b0-4980-a89f-1fcb7ed511df.
[I 2025-12-24 20:41:20.849 ServerApp] Connecting to kernel 7d9aba4e-2c10-4bf1-a4bc-df42d3e4b76b.
[I 2025-12-24 20:41:20.862 ServerApp] Connecting to kernel 37f32703-c289-435c-be66-2936f9ee1291.
[I 2025-12-24 20:41:21.019 ServerApp] Starting buffering for 9dffbe38-4840-4385-91b3-c5470dbee81a:21069533-a274-46fb-b591-1a5c5c0919e0
[I 2025-12-24 20:41:21.019 ServerApp] Starting buffering for ed1effd4-7b52-420e-b98f-c258f55ce3f9:b5ff9b17-52cf-4fef-bdc2-3c21d0f372e0
[I 2025-12-24 20:41:21.020 ServerApp] Starting buffering for f4e1c1f7-4ef0-4dae-995d-2b58e939ea90:9280ee57-18c1-4b38-84a1-5c6e796441a7
[I 2025-12-24 20:41:21.021 ServerApp] Starting buffering for 8e27d0cd-1a70-4a0d-89a4-e3357ee830bc:5cb9bd41-12ce-497e-abc7-658435781db0
[I 2025-12-24 20:41:21.022 ServerApp] Starting buffering for 802350d1-b431-4f36-bd1f-831ebb377005:8ffa36a6-0144-46af-80c2-aa679f246f77
[I 2025-12-24 20:41:21.027 ServerApp] Starting buffering for 3de161ef-bfad-4baf-b82a-8e9491c847bd:e7cabce5-d4d7-4dd2-9fce-9f36fc7cdee0
[I 2025-12-24 20:41:21.029 ServerApp] Starting buffering for ba2098e9-f1b0-4980-a89f-1fcb7ed511df:197ca2d2-dcd0-42b3-9020-2d34da63a6af
[I 2025-12-24 20:41:21.033 ServerApp] Starting buffering for 7d9aba4e-2c10-4bf1-a4bc-df42d3e4b76b:e83cc4e3-eb0d-4a47-97d7-39a861c8c8a2
[I 2025-12-24 20:41:21.424 ServerApp] Kernel started: ebd8ff38-f8a3-4bea-9649-8e952a27b803
CONDA_PREFIX=/mnt/optdata/anaconda3/envs/eda_env
[I 2025-12-24 20:41:22.584 ServerApp] Connecting to kernel ebd8ff38-f8a3-4bea-9649-8e952a27b803.
[W 2025-12-24 20:41:44.766 ServerApp] 404 GET /.well-known/appspecific/com.chrome.devtools.json (aa34bcd7476c423c8e68c5c14c1ab913@::1) 47.63ms referer=None
[I 2025-12-24 20:42:03.595 ServerApp] Saving file at /chap2_cleaning/chap2.ipynb
[I 2025-12-24 20:44:03.648 ServerApp] Saving file at /chap2_cleaning/chap2.ipynb
[I 2025-12-24 20:44:34.087 ServerApp] Saving file at /chap2_cleaning/chap2.ipynb
[I 2025-12-24 20:45:29.938 ServerApp] Saving file at /chap2_cleaning/chap2.ipynb
[I 2025-12-24 21:15:49.139 ServerApp] Starting buffering for ebd8ff38-f8a3-4bea-9649-8e952a27b803:02a3395e-5b1d-4be7-9450-36bb4586b440
[I 2025-12-24 21:15:49.140 ServerApp] Starting buffering for 37f32703-c289-435c-be66-2936f9ee1291:2445a0c3-e53b-4aa6-b6bd-f92cf5a2cfa3
[I 2025-12-24 21:15:49.149 ServerApp] Connecting to kernel ebd8ff38-f8a3-4bea-9649-8e952a27b803.
[I 2025-12-24 21:15:49.149 ServerApp] Restoring connection for ebd8ff38-f8a3-4bea-9649-8e952a27b803:02a3395e-5b1d-4be7-9450-36bb4586b440
[I 2025-12-24 21:15:49.164 ServerApp] Connecting to kernel 37f32703-c289-435c-be66-2936f9ee1291.
[I 2025-12-24 21:15:49.164 ServerApp] Restoring connection for 37f32703-c289-435c-be66-2936f9ee1291:2445a0c3-e53b-4aa6-b6bd-f92cf5a2cfa3
[I 2025-12-25 09:05:56.413 ServerApp] Connecting to kernel 9dffbe38-4840-4385-91b3-c5470dbee81a.
[I 2025-12-25 09:05:56.434 ServerApp] Connecting to kernel ed1effd4-7b52-420e-b98f-c258f55ce3f9.
[I 2025-12-25 09:05:56.454 ServerApp] Connecting to kernel f4e1c1f7-4ef0-4dae-995d-2b58e939ea90.
[I 2025-12-25 09:05:56.555 ServerApp] Connecting to kernel 8e27d0cd-1a70-4a0d-89a4-e3357ee830bc.
[I 2025-12-25 09:05:56.594 ServerApp] Starting buffering for 9dffbe38-4840-4385-91b3-c5470dbee81a:ecd92393-0895-4b0e-b0f1-57229bef6c53
[I 2025-12-25 09:05:56.598 ServerApp] Connecting to kernel 802350d1-b431-4f36-bd1f-831ebb377005.
[I 2025-12-25 09:05:56.604 ServerApp] Starting buffering for f4e1c1f7-4ef0-4dae-995d-2b58e939ea90:c3e5e347-63a5-4a20-8063-48c84c329086
[I 2025-12-25 09:05:56.611 ServerApp] Connecting to kernel 767ac83c-fede-493f-bf9d-83e60606a704.
[I 2025-12-25 09:05:56.612 ServerApp] Starting buffering for ed1effd4-7b52-420e-b98f-c258f55ce3f9:3f5502da-d787-4826-b090-17dce1c0ca52
[I 2025-12-25 09:05:56.624 ServerApp] Connecting to kernel 3de161ef-bfad-4baf-b82a-8e9491c847bd.
[I 2025-12-25 09:05:56.636 ServerApp] Connecting to kernel ba2098e9-f1b0-4980-a89f-1fcb7ed511df.
[I 2025-12-25 09:05:56.648 ServerApp] Connecting to kernel 7d9aba4e-2c10-4bf1-a4bc-df42d3e4b76b.
[I 2025-12-25 09:05:56.663 ServerApp] Connecting to kernel 37f32703-c289-435c-be66-2936f9ee1291.
[I 2025-12-25 09:05:56.675 ServerApp] Connecting to kernel ebd8ff38-f8a3-4bea-9649-8e952a27b803.
[I 2025-12-25 09:05:56.698 ServerApp] Starting buffering for 8e27d0cd-1a70-4a0d-89a4-e3357ee830bc:a121ede8-902b-4fe0-9811-cb1ff28d5e9b
[I 2025-12-25 09:05:56.710 ServerApp] Starting buffering for 3de161ef-bfad-4baf-b82a-8e9491c847bd:ab09a971-2d71-479a-bc49-e549af2b5111
[I 2025-12-25 09:05:56.765 ServerApp] Starting buffering for ba2098e9-f1b0-4980-a89f-1fcb7ed511df:545681b1-8dd0-490f-913b-a7aa85302297
[I 2025-12-25 09:05:56.765 ServerApp] Starting buffering for 7d9aba4e-2c10-4bf1-a4bc-df42d3e4b76b:515ddac7-b433-4bbf-9324-ea505ab09688
[I 2025-12-25 10:21:59.115 ServerApp] Saving file at /chap2_cleaning/chap2.ipynb
[I 2025-12-25 10:22:12.043 ServerApp] Saving file at /chap2_cleaning/chap2.ipynb
[I 2025-12-25 10:36:59.125 ServerApp] Saving file at /chap2_cleaning/chap2.ipynb
[I 2025-12-25 10:53:22.447 ServerApp] Saving file at /chap2_cleaning/chap2.ipynb
[I 2025-12-25 10:55:23.115 ServerApp] Saving file at /chap2_cleaning/chap2.ipynb
[I 2025-12-25 10:59:24.117 ServerApp] Saving file at /chap2_cleaning/chap2.ipynb
[I 2025-12-25 11:01:25.115 ServerApp] Saving file at /chap2_cleaning/chap2.ipynb
[I 2025-12-25 11:12:52.231 ServerApp] Starting buffering for ebd8ff38-f8a3-4bea-9649-8e952a27b803:02a3395e-5b1d-4be7-9450-36bb4586b440
[I 2025-12-25 11:12:53.762 ServerApp] Saving file at /chap2_cleaning/chap2.ipynb
[I 2025-12-25 11:12:55.369 ServerApp] Starting buffering for 37f32703-c289-435c-be66-2936f9ee1291:2445a0c3-e53b-4aa6-b6bd-f92cf5a2cfa3
[I 2025-12-25 11:13:13.355 ServerApp] Creating new notebook in /chap3_visual
[I 2025-12-25 11:13:14.740 ServerApp] Connecting to kernel 9dffbe38-4840-4385-91b3-c5470dbee81a.
[I 2025-12-25 11:13:14.760 ServerApp] Connecting to kernel ed1effd4-7b52-420e-b98f-c258f55ce3f9.
[I 2025-12-25 11:13:14.775 ServerApp] Connecting to kernel f4e1c1f7-4ef0-4dae-995d-2b58e939ea90.
[I 2025-12-25 11:13:14.789 ServerApp] Connecting to kernel 8e27d0cd-1a70-4a0d-89a4-e3357ee830bc.
[I 2025-12-25 11:13:14.805 ServerApp] Connecting to kernel 802350d1-b431-4f36-bd1f-831ebb377005.
[I 2025-12-25 11:13:14.819 ServerApp] Connecting to kernel 767ac83c-fede-493f-bf9d-83e60606a704.
[I 2025-12-25 11:13:14.832 ServerApp] Connecting to kernel 3de161ef-bfad-4baf-b82a-8e9491c847bd.
[I 2025-12-25 11:13:14.846 ServerApp] Connecting to kernel ba2098e9-f1b0-4980-a89f-1fcb7ed511df.
[I 2025-12-25 11:13:14.858 ServerApp] Connecting to kernel 7d9aba4e-2c10-4bf1-a4bc-df42d3e4b76b.
[I 2025-12-25 11:13:14.871 ServerApp] Connecting to kernel 37f32703-c289-435c-be66-2936f9ee1291.
[I 2025-12-25 11:13:14.884 ServerApp] Connecting to kernel ebd8ff38-f8a3-4bea-9649-8e952a27b803.
[I 2025-12-25 11:13:15.136 ServerApp] Starting buffering for 9dffbe38-4840-4385-91b3-c5470dbee81a:3318ec21-1bce-4ccf-af83-ed9660957c0d
[I 2025-12-25 11:13:15.136 ServerApp] Starting buffering for ed1effd4-7b52-420e-b98f-c258f55ce3f9:e8da36d8-9149-41ce-9f72-02066b15e8b9
[I 2025-12-25 11:13:15.137 ServerApp] Starting buffering for f4e1c1f7-4ef0-4dae-995d-2b58e939ea90:fe2db9f3-f56a-4936-9280-1f171ceb5659
[I 2025-12-25 11:13:15.138 ServerApp] Starting buffering for 8e27d0cd-1a70-4a0d-89a4-e3357ee830bc:e358af32-a02c-4acf-b8a2-a588234e75bd
[I 2025-12-25 11:13:15.148 ServerApp] Starting buffering for 802350d1-b431-4f36-bd1f-831ebb377005:bc9bafb6-20e9-423e-aa99-9e4578521c8d
[I 2025-12-25 11:13:15.157 ServerApp] Starting buffering for 3de161ef-bfad-4baf-b82a-8e9491c847bd:204312d2-c745-446b-980a-ce1b3c97d4ce
[I 2025-12-25 11:13:15.158 ServerApp] Starting buffering for ba2098e9-f1b0-4980-a89f-1fcb7ed511df:a7318706-04eb-435b-9a2d-bb460a9aba8b
[I 2025-12-25 11:13:15.159 ServerApp] Starting buffering for 7d9aba4e-2c10-4bf1-a4bc-df42d3e4b76b:463f68d5-f95d-4cff-bcc9-0a7c1781f15a
[I 2025-12-25 11:13:15.160 ServerApp] Starting buffering for 37f32703-c289-435c-be66-2936f9ee1291:e6f4d977-505b-4e48-b8ca-86ab1c0be4f6
[I 2025-12-25 11:13:15.161 ServerApp] Starting buffering for ebd8ff38-f8a3-4bea-9649-8e952a27b803:f6b62448-4ec9-4c01-8014-856a781422b1
[I 2025-12-25 11:13:17.257 ServerApp] Kernel started: c966f557-0857-4fa6-974e-978bcb1320e3
[I 2025-12-25 11:13:17.686 ServerApp] Connecting to kernel c966f557-0857-4fa6-974e-978bcb1320e3.
[I 2025-12-25 11:13:29.729 ServerApp] Connecting to kernel 9dffbe38-4840-4385-91b3-c5470dbee81a.
[I 2025-12-25 11:13:29.743 ServerApp] Connecting to kernel ed1effd4-7b52-420e-b98f-c258f55ce3f9.
[I 2025-12-25 11:13:29.757 ServerApp] Connecting to kernel f4e1c1f7-4ef0-4dae-995d-2b58e939ea90.
[I 2025-12-25 11:13:29.774 ServerApp] Connecting to kernel 8e27d0cd-1a70-4a0d-89a4-e3357ee830bc.
[I 2025-12-25 11:13:29.871 ServerApp] Connecting to kernel 802350d1-b431-4f36-bd1f-831ebb377005.
[I 2025-12-25 11:13:29.913 ServerApp] Starting buffering for 9dffbe38-4840-4385-91b3-c5470dbee81a:be9a5b7f-0aae-441d-8098-0066edb0d32a
[I 2025-12-25 11:13:29.913 ServerApp] Starting buffering for ed1effd4-7b52-420e-b98f-c258f55ce3f9:a5a34e6a-d478-48f3-8a49-05c0bb7f6e63
[I 2025-12-25 11:13:29.914 ServerApp] Connecting to kernel 767ac83c-fede-493f-bf9d-83e60606a704.
[I 2025-12-25 11:13:29.927 ServerApp] Connecting to kernel ba2098e9-f1b0-4980-a89f-1fcb7ed511df.
[I 2025-12-25 11:13:29.940 ServerApp] Connecting to kernel 3de161ef-bfad-4baf-b82a-8e9491c847bd.
[I 2025-12-25 11:13:29.954 ServerApp] Connecting to kernel 7d9aba4e-2c10-4bf1-a4bc-df42d3e4b76b.
[I 2025-12-25 11:13:29.966 ServerApp] Connecting to kernel 37f32703-c289-435c-be66-2936f9ee1291.
[I 2025-12-25 11:13:29.983 ServerApp] Connecting to kernel ebd8ff38-f8a3-4bea-9649-8e952a27b803.
[I 2025-12-25 11:13:30.000 ServerApp] Connecting to kernel c966f557-0857-4fa6-974e-978bcb1320e3.
[I 2025-12-25 11:13:30.002 ServerApp] Starting buffering for 8e27d0cd-1a70-4a0d-89a4-e3357ee830bc:fa43a6e5-ac3f-404c-a492-dd98f12d1096
[I 2025-12-25 11:13:30.009 ServerApp] Starting buffering for 802350d1-b431-4f36-bd1f-831ebb377005:165bccaf-c254-48bf-bbcb-5a67050bfb24
[I 2025-12-25 11:13:30.009 ServerApp] Starting buffering for f4e1c1f7-4ef0-4dae-995d-2b58e939ea90:21adf1cc-827c-451d-b915-e205fc8a135f
[I 2025-12-25 11:13:30.148 ServerApp] Starting buffering for ba2098e9-f1b0-4980-a89f-1fcb7ed511df:0c23ba74-21e0-477b-96d0-c0aa4869c3db
[I 2025-12-25 11:13:30.149 ServerApp] Starting buffering for 3de161ef-bfad-4baf-b82a-8e9491c847bd:f4f30071-721e-429d-9544-2ba49fb6990a
[I 2025-12-25 11:13:30.150 ServerApp] Starting buffering for 7d9aba4e-2c10-4bf1-a4bc-df42d3e4b76b:7535c2ea-c32b-4db0-ae71-1eb466b76dbe
[I 2025-12-25 11:13:30.150 ServerApp] Starting buffering for 37f32703-c289-435c-be66-2936f9ee1291:376fcc39-4552-4c5d-8bde-0e7d9411039b
[I 2025-12-25 11:13:30.154 ServerApp] Starting buffering for ebd8ff38-f8a3-4bea-9649-8e952a27b803:ac0a629c-55fd-4001-955f-31cc963c39fe
[W 2025-12-25 11:13:36.690 ServerApp] delete /chap3_visual/temp.txt
[I 2025-12-25 11:15:25.152 ServerApp] Saving file at /chap3_visual/chap3_visual.ipynb
[I 2025-12-25 11:27:46.921 ServerApp] Connecting to kernel 9dffbe38-4840-4385-91b3-c5470dbee81a.
[I 2025-12-25 11:27:46.936 ServerApp] Connecting to kernel ed1effd4-7b52-420e-b98f-c258f55ce3f9.
[I 2025-12-25 11:27:46.949 ServerApp] Connecting to kernel f4e1c1f7-4ef0-4dae-995d-2b58e939ea90.
[I 2025-12-25 11:27:46.962 ServerApp] Connecting to kernel 802350d1-b431-4f36-bd1f-831ebb377005.
[I 2025-12-25 11:27:46.977 ServerApp] Connecting to kernel 8e27d0cd-1a70-4a0d-89a4-e3357ee830bc.
[I 2025-12-25 11:27:46.990 ServerApp] Connecting to kernel 767ac83c-fede-493f-bf9d-83e60606a704.
[I 2025-12-25 11:27:47.003 ServerApp] Connecting to kernel 3de161ef-bfad-4baf-b82a-8e9491c847bd.
[I 2025-12-25 11:27:47.016 ServerApp] Connecting to kernel ba2098e9-f1b0-4980-a89f-1fcb7ed511df.
[I 2025-12-25 11:27:47.028 ServerApp] Connecting to kernel 37f32703-c289-435c-be66-2936f9ee1291.
[I 2025-12-25 11:27:47.041 ServerApp] Connecting to kernel 7d9aba4e-2c10-4bf1-a4bc-df42d3e4b76b.
[I 2025-12-25 11:27:47.053 ServerApp] Connecting to kernel c966f557-0857-4fa6-974e-978bcb1320e3.
[I 2025-12-25 11:27:47.079 ServerApp] Connecting to kernel ebd8ff38-f8a3-4bea-9649-8e952a27b803.
[I 2025-12-25 11:27:47.162 ServerApp] Starting buffering for 9dffbe38-4840-4385-91b3-c5470dbee81a:4b8ab257-5b33-47b3-b769-54191e4212b6
[I 2025-12-25 11:27:47.165 ServerApp] Starting buffering for ed1effd4-7b52-420e-b98f-c258f55ce3f9:f3c99295-f34c-4283-bd54-d327a1c749fa
[I 2025-12-25 11:27:47.167 ServerApp] Starting buffering for f4e1c1f7-4ef0-4dae-995d-2b58e939ea90:daf47ab3-07e1-4045-9ca2-2a5686c0dd6b
[I 2025-12-25 11:27:47.167 ServerApp] Starting buffering for 802350d1-b431-4f36-bd1f-831ebb377005:fefa72d3-8d52-4833-8541-fc1531d99196
[I 2025-12-25 11:27:47.168 ServerApp] Starting buffering for 8e27d0cd-1a70-4a0d-89a4-e3357ee830bc:0477f5a1-6ab4-4abb-bf43-bc76ac4a716e
[I 2025-12-25 11:27:47.174 ServerApp] Starting buffering for 3de161ef-bfad-4baf-b82a-8e9491c847bd:4cafe329-7215-4562-8279-fd71c3abc96f
[I 2025-12-25 11:27:47.175 ServerApp] Starting buffering for ba2098e9-f1b0-4980-a89f-1fcb7ed511df:2110f61c-90c1-40c4-8fb0-a79efc36493e
[I 2025-12-25 11:27:47.175 ServerApp] Starting buffering for 37f32703-c289-435c-be66-2936f9ee1291:1926b7cd-7bab-4a43-b55b-bb210ff8c6e8
[I 2025-12-25 11:27:47.175 ServerApp] Starting buffering for 7d9aba4e-2c10-4bf1-a4bc-df42d3e4b76b:bd683ca1-0d8f-4f09-8496-b60133d8f26f
[I 2025-12-25 11:27:47.194 ServerApp] Starting buffering for ebd8ff38-f8a3-4bea-9649-8e952a27b803:096c59c7-96c6-428c-8944-6705a9e6fea5
[I 2025-12-25 11:29:29.124 ServerApp] Saving file at /chap3_visual/chap3_visual.ipynb
[I 2025-12-25 11:29:34.522 ServerApp] Connecting to kernel 9dffbe38-4840-4385-91b3-c5470dbee81a.
[I 2025-12-25 11:29:34.538 ServerApp] Connecting to kernel ed1effd4-7b52-420e-b98f-c258f55ce3f9.
[I 2025-12-25 11:29:34.552 ServerApp] Connecting to kernel f4e1c1f7-4ef0-4dae-995d-2b58e939ea90.
[I 2025-12-25 11:29:34.568 ServerApp] Connecting to kernel 8e27d0cd-1a70-4a0d-89a4-e3357ee830bc.
[I 2025-12-25 11:29:34.583 ServerApp] Connecting to kernel 767ac83c-fede-493f-bf9d-83e60606a704.
[I 2025-12-25 11:29:34.599 ServerApp] Connecting to kernel 802350d1-b431-4f36-bd1f-831ebb377005.
[I 2025-12-25 11:29:34.616 ServerApp] Connecting to kernel 3de161ef-bfad-4baf-b82a-8e9491c847bd.
[I 2025-12-25 11:29:34.631 ServerApp] Connecting to kernel 7d9aba4e-2c10-4bf1-a4bc-df42d3e4b76b.
[I 2025-12-25 11:29:34.644 ServerApp] Connecting to kernel ba2098e9-f1b0-4980-a89f-1fcb7ed511df.
[I 2025-12-25 11:29:34.658 ServerApp] Connecting to kernel 37f32703-c289-435c-be66-2936f9ee1291.
[I 2025-12-25 11:29:34.770 ServerApp] Connecting to kernel ebd8ff38-f8a3-4bea-9649-8e952a27b803.
[I 2025-12-25 11:29:34.835 ServerApp] Starting buffering for ba2098e9-f1b0-4980-a89f-1fcb7ed511df:ced9836b-6ed9-4daa-908c-674cfcf901cf
[I 2025-12-25 11:29:34.836 ServerApp] Starting buffering for ed1effd4-7b52-420e-b98f-c258f55ce3f9:4ec2f938-3a72-4d54-8242-5ccf805c7a1e
[I 2025-12-25 11:29:34.843 ServerApp] Connecting to kernel c966f557-0857-4fa6-974e-978bcb1320e3.
[I 2025-12-25 11:29:34.847 ServerApp] Starting buffering for 9dffbe38-4840-4385-91b3-c5470dbee81a:0d6291b1-a8f7-4e77-a009-94188363cc4f
[I 2025-12-25 11:29:34.848 ServerApp] Starting buffering for 3de161ef-bfad-4baf-b82a-8e9491c847bd:7ff2f239-d5fb-48ea-826b-d7083604b620
[I 2025-12-25 11:29:34.851 ServerApp] Starting buffering for 7d9aba4e-2c10-4bf1-a4bc-df42d3e4b76b:4f9d66fa-148e-4aee-a4eb-5ddc5464c3d0
[I 2025-12-25 11:29:34.853 ServerApp] Starting buffering for 8e27d0cd-1a70-4a0d-89a4-e3357ee830bc:28495add-e6d9-43f5-86fe-b378e51553c3
[I 2025-12-25 11:29:34.856 ServerApp] Starting buffering for 802350d1-b431-4f36-bd1f-831ebb377005:e424acbf-c0ce-4a74-9bd9-4c370309be46
[I 2025-12-25 11:29:34.859 ServerApp] Starting buffering for f4e1c1f7-4ef0-4dae-995d-2b58e939ea90:46832e96-d6c6-4486-afbe-740a94db03df
[I 2025-12-25 11:29:34.889 ServerApp] Starting buffering for 37f32703-c289-435c-be66-2936f9ee1291:9937d3cd-6a97-4994-b574-ffe9a23164cc
[I 2025-12-25 11:29:34.926 ServerApp] Starting buffering for ebd8ff38-f8a3-4bea-9649-8e952a27b803:66c63485-d1b7-4c84-9141-e63f480aac1c
[I 2025-12-25 11:29:35.262 ServerApp] Connecting to kernel ebd8ff38-f8a3-4bea-9649-8e952a27b803.
[I 2025-12-25 11:29:48.134 ServerApp] Saving file at /chap3_visual/chap3_visual.ipynb
[I 2025-12-25 11:31:48.176 ServerApp] Saving file at /chap3_visual/chap3_visual.ipynb
[I 2025-12-25 11:33:48.240 ServerApp] Saving file at /chap3_visual/chap3_visual.ipynb
[I 2025-12-25 11:34:43.751 ServerApp] Saving file at /chap3_visual/chap3_visual.ipynb
[I 2025-12-25 11:55:39.107 ServerApp] Kernel shutdown: 9dffbe38-4840-4385-91b3-c5470dbee81a
[I 2025-12-25 11:55:39.112 ServerApp] Kernel shutdown: ed1effd4-7b52-420e-b98f-c258f55ce3f9
[I 2025-12-25 11:55:39.119 ServerApp] Kernel shutdown: f4e1c1f7-4ef0-4dae-995d-2b58e939ea90
[I 2025-12-25 11:55:39.123 ServerApp] Kernel shutdown: 8e27d0cd-1a70-4a0d-89a4-e3357ee830bc
[I 2025-12-25 11:55:39.123 ServerApp] Kernel shutdown: 802350d1-b431-4f36-bd1f-831ebb377005
[I 2025-12-25 11:55:39.124 ServerApp] Kernel shutdown: 767ac83c-fede-493f-bf9d-83e60606a704
[I 2025-12-25 11:55:39.445 ServerApp] Kernel shutdown: 3de161ef-bfad-4baf-b82a-8e9491c847bd
[I 2025-12-25 11:55:39.454 ServerApp] Kernel shutdown: ba2098e9-f1b0-4980-a89f-1fcb7ed511df
[I 2025-12-25 11:55:39.456 ServerApp] Kernel shutdown: 7d9aba4e-2c10-4bf1-a4bc-df42d3e4b76b
[I 2025-12-25 11:55:39.458 ServerApp] Kernel shutdown: 37f32703-c289-435c-be66-2936f9ee1291
[I 2025-12-25 11:55:39.460 ServerApp] Kernel shutdown: ebd8ff38-f8a3-4bea-9649-8e952a27b803
[I 2025-12-25 11:55:39.775 ServerApp] Kernel shutdown: c966f557-0857-4fa6-974e-978bcb1320e3
[I 2025-12-25 11:55:40.507 ServerApp] Shutting down on /api/shutdown request.
[I 2025-12-25 11:55:40.508 ServerApp] Shutting down 6 extensions
usage: jupyter [-h] [--version] [--config-dir] [--data-dir] [--runtime-dir]
               [--paths] [--json] [--debug]
               [subcommand]

Jupyter: Interactive Computing

positional arguments:
  subcommand     the subcommand to launch

options:
  -h, --help     show this help message and exit
  --version      show the versions of core jupyter packages and exit
  --config-dir   show Jupyter config dir
  --data-dir     show Jupyter data dir
  --runtime-dir  show Jupyter runtime dir
  --paths        show all Jupyter paths. Add --json for machine-readable
                 format.
  --json         output paths as machine-readable json
  --debug        output debug information about paths

Available subcommands: kernel kernelspec migrate run troubleshoot

Jupyter command `jupyter-notebook` not found.
[I 2025-12-25 12:00:51.369 ServerApp] jupyter_lsp | extension was successfully linked.
[I 2025-12-25 12:00:51.372 ServerApp] jupyter_server_terminals | extension was successfully linked.
[I 2025-12-25 12:00:51.375 ServerApp] jupyterlab | extension was successfully linked.
[I 2025-12-25 12:00:51.378 ServerApp] notebook | extension was successfully linked.
[I 2025-12-25 12:00:51.698 ServerApp] notebook_shim | extension was successfully linked.
[I 2025-12-25 12:00:51.710 ServerApp] notebook_shim | extension was successfully loaded.
[I 2025-12-25 12:00:51.712 ServerApp] jupyter_lsp | extension was successfully loaded.
[I 2025-12-25 12:00:51.713 ServerApp] jupyter_server_terminals | extension was successfully loaded.
[I 2025-12-25 12:00:51.716 LabApp] JupyterLab extension loaded from /mnt/optdata/anaconda3/envs/eda_env/lib/python3.12/site-packages/jupyterlab
[I 2025-12-25 12:00:51.716 LabApp] JupyterLab application directory is /mnt/optdata/anaconda3/envs/eda_env/share/jupyter/lab
[I 2025-12-25 12:00:51.716 LabApp] Extension Manager is 'pypi'.
[I 2025-12-25 12:00:51.752 ServerApp] jupyterlab | extension was successfully loaded.
[I 2025-12-25 12:00:51.755 ServerApp] notebook | extension was successfully loaded.
[I 2025-12-25 12:00:51.756 ServerApp] Serving notebooks from local directory: /home/jeking/github/pandas_numpy_matplotlib/EDA
[I 2025-12-25 12:00:51.756 ServerApp] Jupyter Server 2.17.0 is running at:
[I 2025-12-25 12:00:51.756 ServerApp] http://localhost:8888/tree?token=f2a2fb268857c4a65ab59d7cf5716a04b0a578a0b5188ef0
[I 2025-12-25 12:00:51.756 ServerApp]     http://127.0.0.1:8888/tree?token=f2a2fb268857c4a65ab59d7cf5716a04b0a578a0b5188ef0
[I 2025-12-25 12:00:51.756 ServerApp] Use Control-C to stop this server and shut down all kernels (twice to skip confirmation).
[C 2025-12-25 12:00:51.798 ServerApp] 
    
    To access the server, open this file in a browser:
        file:///home/jeking/.local/share/jupyter/runtime/jpserver-7006-open.html
    Or copy and paste one of these URLs:
        http://localhost:8888/tree?token=f2a2fb268857c4a65ab59d7cf5716a04b0a578a0b5188ef0
        http://127.0.0.1:8888/tree?token=f2a2fb268857c4a65ab59d7cf5716a04b0a578a0b5188ef0
[I 2025-12-25 12:00:51.813 ServerApp] Skipped non-installed server(s): basedpyright, bash-language-server, dockerfile-language-server-nodejs, javascript-typescript-langserver, jedi-language-server, julia-language-server, pyrefly, pyright, python-language-server, python-lsp-server, r-languageserver, sql-language-server, texlab, typescript-language-server, unified-language-server, vscode-css-languageserver-bin, vscode-html-languageserver-bin, vscode-json-languageserver-bin, yaml-language-server
[I 2025-12-25 12:02:55.512 ServerApp] Kernel started: f7675446-238d-45b9-8db2-228c801ccd7a
[I 2025-12-25 12:02:56.016 ServerApp] Adapting from protocol version 5.3 (kernel f7675446-238d-45b9-8db2-228c801ccd7a) to 5.4 (client).
[I 2025-12-25 12:02:56.017 ServerApp] Adapting from protocol version 5.3 (kernel f7675446-238d-45b9-8db2-228c801ccd7a) to 5.4 (client).
[I 2025-12-25 12:02:56.018 ServerApp] Connecting to kernel f7675446-238d-45b9-8db2-228c801ccd7a.
[I 2025-12-25 12:02:56.022 ServerApp] Connecting to kernel f7675446-238d-45b9-8db2-228c801ccd7a.
[W 2025-12-25 12:02:56.026 ServerApp] The websocket_ping_timeout (90000) cannot be longer than the websocket_ping_interval (30000).
    Setting websocket_ping_timeout=30000
[I 2025-12-25 12:02:56.031 ServerApp] Adapting from protocol version 5.3 (kernel f7675446-238d-45b9-8db2-228c801ccd7a) to 5.4 (client).
[I 2025-12-25 12:02:56.032 ServerApp] Connecting to kernel f7675446-238d-45b9-8db2-228c801ccd7a.
[I 2025-12-25 12:02:56.052 ServerApp] Adapting from protocol version 5.3 (kernel f7675446-238d-45b9-8db2-228c801ccd7a) to 5.4 (client).
[I 2025-12-25 12:02:56.056 ServerApp] Connecting to kernel f7675446-238d-45b9-8db2-228c801ccd7a.
[I 2025-12-25 12:04:55.350 ServerApp] Saving file at /chap3_visual/chap3_visual.ipynb
[I 2025-12-25 12:06:55.404 ServerApp] Saving file at /chap3_visual/chap3_visual.ipynb
[I 2025-12-25 12:07:07.775 ServerApp] Saving file at /chap3_visual/chap3_visual.ipynb
[I 2025-12-25 13:06:51.880 ServerApp] Starting buffering for f7675446-238d-45b9-8db2-228c801ccd7a:37651928-aa2b-4470-b40a-d2871747ef90
[I 2025-12-25 13:06:51.890 ServerApp] Adapting from protocol version 5.3 (kernel f7675446-238d-45b9-8db2-228c801ccd7a) to 5.4 (client).
[I 2025-12-25 13:06:51.891 ServerApp] Connecting to kernel f7675446-238d-45b9-8db2-228c801ccd7a.
[I 2025-12-25 13:06:51.892 ServerApp] Restoring connection for f7675446-238d-45b9-8db2-228c801ccd7a:37651928-aa2b-4470-b40a-d2871747ef90
[I 2025-12-25 13:31:05.573 ServerApp] Saving file at /chap3_visual/chap3_visual.ipynb
[I 2025-12-25 13:51:26.386 ServerApp] Saving file at /chap3_visual/chap3_visual.ipynb
[I 2025-12-25 13:53:26.457 ServerApp] Saving file at /chap3_visual/chap3_visual.ipynb
[I 2025-12-25 14:01:26.499 ServerApp] Saving file at /chap3_visual/chap3_visual.ipynb
[I 2025-12-25 14:02:31.362 ServerApp] Saving file at /chap3_visual/chap3_visual.ipynb
[I 2025-12-25 14:06:00.798 ServerApp] Saving file at /chap3_visual/chap3_visual.ipynb
[I 2025-12-25 14:43:22.106 ServerApp] Starting buffering for f7675446-238d-45b9-8db2-228c801ccd7a:37651928-aa2b-4470-b40a-d2871747ef90
[I 2025-12-25 14:43:22.111 ServerApp] Adapting from protocol version 5.3 (kernel f7675446-238d-45b9-8db2-228c801ccd7a) to 5.4 (client).
[I 2025-12-25 14:43:22.112 ServerApp] Connecting to kernel f7675446-238d-45b9-8db2-228c801ccd7a.
[I 2025-12-25 14:43:22.112 ServerApp] Restoring connection for f7675446-238d-45b9-8db2-228c801ccd7a:37651928-aa2b-4470-b40a-d2871747ef90
[I 2025-12-25 16:45:04.106 ServerApp] Saving file at /chap3_visual/chap3_visual.ipynb
[I 2025-12-25 16:45:05.605 ServerApp] Starting buffering for f7675446-238d-45b9-8db2-228c801ccd7a:37651928-aa2b-4470-b40a-d2871747ef90
[I 2025-12-25 16:45:14.949 ServerApp] Creating new notebook in /chap4_categorical
[I 2025-12-25 16:45:15.734 ServerApp] Adapting from protocol version 5.3 (kernel f7675446-238d-45b9-8db2-228c801ccd7a) to 5.4 (client).
[I 2025-12-25 16:45:15.735 ServerApp] Connecting to kernel f7675446-238d-45b9-8db2-228c801ccd7a.
[I 2025-12-25 16:45:16.044 ServerApp] Starting buffering for f7675446-238d-45b9-8db2-228c801ccd7a:61396a0c-bdff-4a5f-a855-2d8b8ef7bee5
[I 2025-12-25 16:45:17.923 ServerApp] Kernel started: 761ceb64-627e-432a-91bd-42b75237cb05
[I 2025-12-25 16:45:18.350 ServerApp] Adapting from protocol version 5.3 (kernel 761ceb64-627e-432a-91bd-42b75237cb05) to 5.4 (client).
[I 2025-12-25 16:45:18.351 ServerApp] Connecting to kernel 761ceb64-627e-432a-91bd-42b75237cb05.
[I 2025-12-25 16:45:28.865 ServerApp] Saving file at /chap4_categorical/chap4.ipynb
[I 2025-12-25 17:59:58.035 ServerApp] Saving file at /chap4_categorical/chap4.ipynb
[I 2025-12-25 18:05:45.736 ServerApp] Saving file at /chap4_categorical/chap4.ipynb
[I 2025-12-25 18:17:45.784 ServerApp] Saving file at /chap4_categorical/chap4.ipynb
[I 2025-12-25 18:18:07.328 ServerApp] Saving file at /chap4_categorical/chap4.ipynb
[I 2025-12-25 18:22:07.383 ServerApp] Saving file at /chap4_categorical/chap4.ipynb
[I 2025-12-25 18:24:07.439 ServerApp] Saving file at /chap4_categorical/chap4.ipynb
[I 2025-12-25 18:48:08.184 ServerApp] Saving file at /chap4_categorical/chap4.ipynb
[I 2025-12-25 18:59:19.900 ServerApp] Saving file at /chap4_categorical/chap4.ipynb
[I 2025-12-25 18:59:54.462 ServerApp] Saving file at /chap4_categorical/chap4.ipynb
[I 2025-12-25 19:01:54.522 ServerApp] Saving file at /chap4_categorical/chap4.ipynb
[I 2025-12-25 19:03:54.582 ServerApp] Saving file at /chap4_categorical/chap4.ipynb
[I 2025-12-25 19:04:47.150 ServerApp] Saving file at /chap4_categorical/chap4.ipynb
[I 2025-12-25 19:20:47.200 ServerApp] Saving file at /chap4_categorical/chap4.ipynb
[I 2025-12-25 19:21:08.864 ServerApp] Saving file at /chap4_categorical/chap4.ipynb
[I 2025-12-25 19:21:49.878 ServerApp] Saving file at /chap4_categorical/chap4.ipynb
[I 2025-12-25 19:21:51.557 ServerApp] Starting buffering for 761ceb64-627e-432a-91bd-42b75237cb05:9f867521-bdef-474b-941b-cd50e73f8410
[I 2025-12-25 19:22:43.602 ServerApp] Adapting from protocol version 5.3 (kernel f7675446-238d-45b9-8db2-228c801ccd7a) to 5.4 (client).
[I 2025-12-25 19:22:43.603 ServerApp] Connecting to kernel f7675446-238d-45b9-8db2-228c801ccd7a.
[I 2025-12-25 19:22:43.620 ServerApp] Adapting from protocol version 5.3 (kernel 761ceb64-627e-432a-91bd-42b75237cb05) to 5.4 (client).
[I 2025-12-25 19:22:43.622 ServerApp] Connecting to kernel 761ceb64-627e-432a-91bd-42b75237cb05.
[I 2025-12-25 19:22:43.794 ServerApp] Starting buffering for f7675446-238d-45b9-8db2-228c801ccd7a:1e8ef465-d998-44a1-a586-9bbfa4d2a2d5
[I 2025-12-25 19:22:43.794 ServerApp] Starting buffering for 761ceb64-627e-432a-91bd-42b75237cb05:9ec25b53-54b0-4b34-b598-11315fcd7336
[I 2025-12-25 19:22:51.504 ServerApp] Creating new notebook in /chap5_feature_relationships
[I 2025-12-25 19:22:52.169 ServerApp] Adapting from protocol version 5.3 (kernel f7675446-238d-45b9-8db2-228c801ccd7a) to 5.4 (client).
[I 2025-12-25 19:22:52.169 ServerApp] Connecting to kernel f7675446-238d-45b9-8db2-228c801ccd7a.
[I 2025-12-25 19:22:52.183 ServerApp] Adapting from protocol version 5.3 (kernel 761ceb64-627e-432a-91bd-42b75237cb05) to 5.4 (client).
[I 2025-12-25 19:22:52.184 ServerApp] Connecting to kernel 761ceb64-627e-432a-91bd-42b75237cb05.
[I 2025-12-25 19:22:52.507 ServerApp] Starting buffering for f7675446-238d-45b9-8db2-228c801ccd7a:0f5e5b08-f4e8-4b00-b7f7-4a7bbf800fa0
[I 2025-12-25 19:22:52.507 ServerApp] Starting buffering for 761ceb64-627e-432a-91bd-42b75237cb05:9239e5b1-363e-4b38-ac35-d5e4408f4ca5
[I 2025-12-25 19:22:54.020 ServerApp] Kernel started: afe2b960-e26f-4e44-9742-1b28135c4fa1
[I 2025-12-25 19:22:54.472 ServerApp] Adapting from protocol version 5.3 (kernel afe2b960-e26f-4e44-9742-1b28135c4fa1) to 5.4 (client).
[I 2025-12-25 19:22:54.475 ServerApp] Connecting to kernel afe2b960-e26f-4e44-9742-1b28135c4fa1.
[I 2025-12-25 19:25:00.159 ServerApp] Saving file at /chap5_feature_relationships/chap5.ipynb
[I 2025-12-25 19:39:06.182 ServerApp] Saving file at /chap5_feature_relationships/chap5.ipynb
[I 2025-12-25 19:41:06.233 ServerApp] Saving file at /chap5_feature_relationships/chap5.ipynb
[I 2025-12-25 19:43:18.583 ServerApp] Saving file at /chap5_feature_relationships/chap5.ipynb
[I 2025-12-25 19:45:13.408 ServerApp] Saving file at /chap5_feature_relationships/chap5.ipynb
[I 2025-12-25 19:47:13.478 ServerApp] Saving file at /chap5_feature_relationships/chap5.ipynb
[I 2025-12-25 19:48:01.536 ServerApp] Saving file at /chap5_feature_relationships/chap5.ipynb
[I 2025-12-25 19:49:02.674 ServerApp] Saving file at /chap5_feature_relationships/chap5.ipynb
[I 2025-12-25 19:54:29.329 ServerApp] Saving file at /chap5_feature_relationships/chap5.ipynb
[I 2025-12-25 19:55:10.756 ServerApp] Saving file at /chap5_feature_relationships/chap5.ipynb
[I 2025-12-25 19:56:05.704 ServerApp] Saving file at /chap5_feature_relationships/chap5.ipynb
[I 2025-12-25 19:58:20.005 ServerApp] Saving file at /chap5_feature_relationships/chap5.ipynb
[I 2025-12-25 19:59:22.445 ServerApp] Starting buffering for afe2b960-e26f-4e44-9742-1b28135c4fa1:18411835-1913-4e9b-9cdc-c32637cb8ce9
[I 2025-12-25 20:00:03.523 ServerApp] Adapting from protocol version 5.3 (kernel f7675446-238d-45b9-8db2-228c801ccd7a) to 5.4 (client).
[I 2025-12-25 20:00:03.524 ServerApp] Connecting to kernel f7675446-238d-45b9-8db2-228c801ccd7a.
[I 2025-12-25 20:00:03.536 ServerApp] Adapting from protocol version 5.3 (kernel 761ceb64-627e-432a-91bd-42b75237cb05) to 5.4 (client).
[I 2025-12-25 20:00:03.538 ServerApp] Connecting to kernel 761ceb64-627e-432a-91bd-42b75237cb05.
[I 2025-12-25 20:00:03.553 ServerApp] Adapting from protocol version 5.3 (kernel afe2b960-e26f-4e44-9742-1b28135c4fa1) to 5.4 (client).
[I 2025-12-25 20:00:03.554 ServerApp] Connecting to kernel afe2b960-e26f-4e44-9742-1b28135c4fa1.
[I 2025-12-25 20:00:03.720 ServerApp] Starting buffering for f7675446-238d-45b9-8db2-228c801ccd7a:70751cbb-f092-4cf7-a02b-c45bffe93249
[I 2025-12-25 20:00:03.720 ServerApp] Starting buffering for 761ceb64-627e-432a-91bd-42b75237cb05:c410244d-b355-4db4-bccd-a792985d7b36
[I 2025-12-25 20:00:03.721 ServerApp] Starting buffering for afe2b960-e26f-4e44-9742-1b28135c4fa1:addcdbd8-c478-4576-83bb-aa2ba3fef328
[I 2025-12-25 20:00:09.836 ServerApp] Creating new notebook in /chap6_data_trans_feat_eng
[I 2025-12-25 20:00:10.481 ServerApp] Adapting from protocol version 5.3 (kernel f7675446-238d-45b9-8db2-228c801ccd7a) to 5.4 (client).
[I 2025-12-25 20:00:10.482 ServerApp] Connecting to kernel f7675446-238d-45b9-8db2-228c801ccd7a.
[I 2025-12-25 20:00:10.495 ServerApp] Adapting from protocol version 5.3 (kernel 761ceb64-627e-432a-91bd-42b75237cb05) to 5.4 (client).
[I 2025-12-25 20:00:10.496 ServerApp] Connecting to kernel 761ceb64-627e-432a-91bd-42b75237cb05.
[I 2025-12-25 20:00:10.509 ServerApp] Adapting from protocol version 5.3 (kernel afe2b960-e26f-4e44-9742-1b28135c4fa1) to 5.4 (client).
[I 2025-12-25 20:00:10.510 ServerApp] Connecting to kernel afe2b960-e26f-4e44-9742-1b28135c4fa1.
[I 2025-12-25 20:00:10.816 ServerApp] Starting buffering for f7675446-238d-45b9-8db2-228c801ccd7a:20e1d50c-40f9-4bdb-bee1-03a1869ad57c
[I 2025-12-25 20:00:10.820 ServerApp] Starting buffering for 761ceb64-627e-432a-91bd-42b75237cb05:f04ade65-3c48-4532-bbe4-4f952febe402
[I 2025-12-25 20:00:10.820 ServerApp] Starting buffering for afe2b960-e26f-4e44-9742-1b28135c4fa1:e35edfe9-a69a-454b-9302-4f3a2aaf22ea
[I 2025-12-25 20:00:12.291 ServerApp] Kernel started: 3da4b595-b7bd-4e7e-8bb4-5eef6b2f1457
[I 2025-12-25 20:00:12.804 ServerApp] Adapting from protocol version 5.3 (kernel 3da4b595-b7bd-4e7e-8bb4-5eef6b2f1457) to 5.4 (client).
[I 2025-12-25 20:00:12.806 ServerApp] Connecting to kernel 3da4b595-b7bd-4e7e-8bb4-5eef6b2f1457.
[I 2025-12-25 20:02:19.197 ServerApp] Saving file at /chap6_data_trans_feat_eng/chap6.ipynb
[I 2025-12-25 20:18:31.306 ServerApp] Adapting from protocol version 5.3 (kernel f7675446-238d-45b9-8db2-228c801ccd7a) to 5.4 (client).
[I 2025-12-25 20:18:31.307 ServerApp] Connecting to kernel f7675446-238d-45b9-8db2-228c801ccd7a.
[I 2025-12-25 20:18:31.324 ServerApp] Adapting from protocol version 5.3 (kernel 761ceb64-627e-432a-91bd-42b75237cb05) to 5.4 (client).
[I 2025-12-25 20:18:31.328 ServerApp] Connecting to kernel 761ceb64-627e-432a-91bd-42b75237cb05.
[I 2025-12-25 20:18:31.344 ServerApp] Adapting from protocol version 5.3 (kernel afe2b960-e26f-4e44-9742-1b28135c4fa1) to 5.4 (client).
[I 2025-12-25 20:18:31.345 ServerApp] Connecting to kernel afe2b960-e26f-4e44-9742-1b28135c4fa1.
[I 2025-12-25 20:18:31.357 ServerApp] Adapting from protocol version 5.3 (kernel 3da4b595-b7bd-4e7e-8bb4-5eef6b2f1457) to 5.4 (client).
[I 2025-12-25 20:18:31.357 ServerApp] Connecting to kernel 3da4b595-b7bd-4e7e-8bb4-5eef6b2f1457.
[I 2025-12-25 20:18:31.673 ServerApp] Starting buffering for f7675446-238d-45b9-8db2-228c801ccd7a:39f75de5-a25b-44e9-9c88-d0398f92eb5c
[I 2025-12-25 20:18:31.693 ServerApp] Starting buffering for 761ceb64-627e-432a-91bd-42b75237cb05:c5ea99ba-a53a-479f-bb51-f0f7e77bf0f1
[I 2025-12-25 20:18:31.697 ServerApp] Starting buffering for afe2b960-e26f-4e44-9742-1b28135c4fa1:f9233598-b39d-4539-8bab-12f89b8a9edb
[I 2025-12-25 20:18:32.022 ServerApp] Adapting from protocol version 5.3 (kernel afe2b960-e26f-4e44-9742-1b28135c4fa1) to 5.4 (client).
[I 2025-12-25 20:18:32.022 ServerApp] Connecting to kernel afe2b960-e26f-4e44-9742-1b28135c4fa1.
[I 2025-12-25 20:18:41.429 ServerApp] Starting buffering for afe2b960-e26f-4e44-9742-1b28135c4fa1:2f0f314c-fba6-4d2c-aa81-68976b0db127
[I 2025-12-25 20:19:00.186 ServerApp] Saving file at /chap6_data_trans_feat_eng/chap6.ipynb
[I 2025-12-25 20:19:32.060 ServerApp] Saving file at /chap6_data_trans_feat_eng/chap6.ipynb
[I 2025-12-25 20:25:33.181 ServerApp] Saving file at /chap6_data_trans_feat_eng/chap6.ipynb
[I 2025-12-25 20:27:34.278 ServerApp] Saving file at /chap6_data_trans_feat_eng/chap6.ipynb
[I 2025-12-25 20:29:34.395 ServerApp] Saving file at /chap6_data_trans_feat_eng/chap6.ipynb
[I 2025-12-25 20:31:34.450 ServerApp] Saving file at /chap6_data_trans_feat_eng/chap6.ipynb
[I 2025-12-25 20:33:34.503 ServerApp] Saving file at /chap6_data_trans_feat_eng/chap6.ipynb
[I 2025-12-25 20:33:45.178 ServerApp] Saving file at /chap6_data_trans_feat_eng/chap6.ipynb
[I 2025-12-25 20:39:36.181 ServerApp] Saving file at /chap6_data_trans_feat_eng/chap6.ipynb
[I 2025-12-25 20:41:34.765 ServerApp] Saving file at /chap6_data_trans_feat_eng/chap6.ipynb
[I 2025-12-25 20:43:34.821 ServerApp] Saving file at /chap6_data_trans_feat_eng/chap6.ipynb
[I 2025-12-25 20:45:34.877 ServerApp] Saving file at /chap6_data_trans_feat_eng/chap6.ipynb
[I 2025-12-25 20:45:54.206 ServerApp] Saving file at /chap6_data_trans_feat_eng/chap6.ipynb
[I 2025-12-25 20:46:25.238 ServerApp] Saving file at /chap6_data_trans_feat_eng/chap6.ipynb
[I 2025-12-25 20:47:14.438 ServerApp] Saving file at /chap6_data_trans_feat_eng/chap6.ipynb
[I 2025-12-25 21:17:24.788 ServerApp] Starting buffering for 3da4b595-b7bd-4e7e-8bb4-5eef6b2f1457:8161aac5-edc3-48d7-a21c-6375d0a29e5e
[I 2025-12-25 21:17:24.796 ServerApp] Adapting from protocol version 5.3 (kernel 3da4b595-b7bd-4e7e-8bb4-5eef6b2f1457) to 5.4 (client).
[I 2025-12-25 21:17:24.797 ServerApp] Connecting to kernel 3da4b595-b7bd-4e7e-8bb4-5eef6b2f1457.
[I 2025-12-25 21:17:24.797 ServerApp] Restoring connection for 3da4b595-b7bd-4e7e-8bb4-5eef6b2f1457:8161aac5-edc3-48d7-a21c-6375d0a29e5e
[I 2025-12-25 23:14:48.549 ServerApp] Kernel shutdown: f7675446-238d-45b9-8db2-228c801ccd7a
[I 2025-12-25 23:14:48.553 ServerApp] Kernel shutdown: 761ceb64-627e-432a-91bd-42b75237cb05
[I 2025-12-25 23:14:48.554 ServerApp] Kernel shutdown: 3da4b595-b7bd-4e7e-8bb4-5eef6b2f1457
[I 2025-12-25 23:14:48.556 ServerApp] Kernel shutdown: afe2b960-e26f-4e44-9742-1b28135c4fa1
[I 2025-12-25 23:14:49.490 ServerApp] Shutting down on /api/shutdown request.
[I 2025-12-25 23:14:49.490 ServerApp] Shutting down 5 extensions
[I 2025-12-26 11:00:49.568 ServerApp] jupyter_lsp | extension was successfully linked.
[I 2025-12-26 11:00:49.570 ServerApp] jupyter_server_terminals | extension was successfully linked.
[I 2025-12-26 11:00:49.572 ServerApp] jupyterlab | extension was successfully linked.
[I 2025-12-26 11:00:49.573 ServerApp] notebook | extension was successfully linked.
[I 2025-12-26 11:00:49.748 ServerApp] notebook_shim | extension was successfully linked.
[I 2025-12-26 11:00:49.755 ServerApp] notebook_shim | extension was successfully loaded.
[I 2025-12-26 11:00:49.756 ServerApp] jupyter_lsp | extension was successfully loaded.
[I 2025-12-26 11:00:49.756 ServerApp] jupyter_server_terminals | extension was successfully loaded.
[I 2025-12-26 11:00:49.759 LabApp] JupyterLab extension loaded from /opt/anaconda3/envs/eda_env/lib/python3.12/site-packages/jupyterlab
[I 2025-12-26 11:00:49.759 LabApp] JupyterLab application directory is /opt/anaconda3/envs/eda_env/share/jupyter/lab
[I 2025-12-26 11:00:49.759 LabApp] Extension Manager is 'pypi'.
[I 2025-12-26 11:00:49.784 ServerApp] jupyterlab | extension was successfully loaded.
[I 2025-12-26 11:00:49.785 ServerApp] notebook | extension was successfully loaded.
[I 2025-12-26 11:00:49.786 ServerApp] Serving notebooks from local directory: /home/jeking/github/pandas_numpy_matplotlib/EDA
[I 2025-12-26 11:00:49.786 ServerApp] Jupyter Server 2.17.0 is running at:
[I 2025-12-26 11:00:49.786 ServerApp] http://localhost:8888/tree?token=58451b3d277a7cd3c0219f1ac604cd82386bb66670dff147
[I 2025-12-26 11:00:49.786 ServerApp]     http://127.0.0.1:8888/tree?token=58451b3d277a7cd3c0219f1ac604cd82386bb66670dff147
[I 2025-12-26 11:00:49.786 ServerApp] Use Control-C to stop this server and shut down all kernels (twice to skip confirmation).
[C 2025-12-26 11:00:49.800 ServerApp] 
    
    To access the server, open this file in a browser:
        file:///home/jeking/.local/share/jupyter/runtime/jpserver-20890-open.html
    Or copy and paste one of these URLs:
        http://localhost:8888/tree?token=58451b3d277a7cd3c0219f1ac604cd82386bb66670dff147
        http://127.0.0.1:8888/tree?token=58451b3d277a7cd3c0219f1ac604cd82386bb66670dff147
[I 2025-12-26 11:00:49.996 ServerApp] Skipped non-installed server(s): basedpyright, bash-language-server, dockerfile-language-server-nodejs, javascript-typescript-langserver, jedi-language-server, julia-language-server, pyrefly, pyright, python-language-server, python-lsp-server, r-languageserver, sql-language-server, texlab, typescript-language-server, unified-language-server, vscode-css-languageserver-bin, vscode-html-languageserver-bin, vscode-json-languageserver-bin, yaml-language-server
[I 2025-12-26 11:42:23.329 ServerApp] Creating new notebook in /chap7
[I 2025-12-26 11:42:30.602 ServerApp] Kernel started: dd063fba-b0de-45af-9b90-2c7af712f307
[I 2025-12-26 11:42:30.956 ServerApp] Adapting from protocol version 5.3 (kernel dd063fba-b0de-45af-9b90-2c7af712f307) to 5.4 (client).
[I 2025-12-26 11:42:30.958 ServerApp] Connecting to kernel dd063fba-b0de-45af-9b90-2c7af712f307.
[W 2025-12-26 11:42:30.961 ServerApp] The websocket_ping_timeout (90000) cannot be longer than the websocket_ping_interval (30000).
    Setting websocket_ping_timeout=30000
[I 2025-12-26 11:42:30.971 ServerApp] Adapting from protocol version 5.3 (kernel dd063fba-b0de-45af-9b90-2c7af712f307) to 5.4 (client).
[I 2025-12-26 11:42:30.971 ServerApp] Connecting to kernel dd063fba-b0de-45af-9b90-2c7af712f307.
[I 2025-12-26 11:42:30.983 ServerApp] Adapting from protocol version 5.3 (kernel dd063fba-b0de-45af-9b90-2c7af712f307) to 5.4 (client).
[I 2025-12-26 11:42:30.985 ServerApp] Connecting to kernel dd063fba-b0de-45af-9b90-2c7af712f307.
[I 2025-12-26 11:44:40.557 ServerApp] Saving file at /chap7/chap7.ipynb
[I 2025-12-26 11:46:13.451 ServerApp] Adapting from protocol version 5.3 (kernel dd063fba-b0de-45af-9b90-2c7af712f307) to 5.4 (client).
[I 2025-12-26 11:46:13.452 ServerApp] Connecting to kernel dd063fba-b0de-45af-9b90-2c7af712f307.
[I 2025-12-26 12:22:52.982 ServerApp] Saving file at /chap7/chap7.ipynb
[I 2025-12-26 12:24:53.012 ServerApp] Saving file at /chap7/chap7.ipynb
[I 2025-12-26 12:26:53.044 ServerApp] Saving file at /chap7/chap7.ipynb
[I 2025-12-26 12:28:53.085 ServerApp] Saving file at /chap7/chap7.ipynb
[I 2025-12-26 12:30:53.140 ServerApp] Saving file at /chap7/chap7.ipynb
[I 2025-12-26 12:32:53.174 ServerApp] Saving file at /chap7/chap7.ipynb
[I 2025-12-26 12:34:53.218 ServerApp] Saving file at /chap7/chap7.ipynb
[I 2025-12-26 15:07:35.089 ServerApp] Kernel shutdown: dd063fba-b0de-45af-9b90-2c7af712f307
[I 2025-12-26 15:07:35.610 ServerApp] Shutting down on /api/shutdown request.
[I 2025-12-26 15:07:35.610 ServerApp] Shutting down 5 extensions
[I 2025-12-26 19:00:08.025 ServerApp] Extension package panel.io.jupyter_server_extension took 0.4962s to import
[I 2025-12-26 19:00:08.026 ServerApp] jupyter_lsp | extension was successfully linked.
[I 2025-12-26 19:00:08.028 ServerApp] jupyter_server_terminals | extension was successfully linked.
[I 2025-12-26 19:00:08.030 ServerApp] jupyterlab | extension was successfully linked.
[I 2025-12-26 19:00:08.032 ServerApp] notebook | extension was successfully linked.
[I 2025-12-26 19:00:08.197 ServerApp] notebook_shim | extension was successfully linked.
[I 2025-12-26 19:00:08.197 ServerApp] panel.io.jupyter_server_extension | extension was successfully linked.
[I 2025-12-26 19:00:10.576 ServerApp] nb_conda_kernels | enabled, 4 kernels found.
[I 2025-12-26 19:00:10.590 ServerApp] notebook_shim | extension was successfully loaded.
[I 2025-12-26 19:00:10.591 ServerApp] jupyter_lsp | extension was successfully loaded.
[I 2025-12-26 19:00:10.592 ServerApp] jupyter_server_terminals | extension was successfully loaded.
[I 2025-12-26 19:00:10.596 LabApp] JupyterLab extension loaded from /opt/anaconda3/lib/python3.13/site-packages/jupyterlab
[I 2025-12-26 19:00:10.596 LabApp] JupyterLab application directory is /opt/anaconda3/share/jupyter/lab
[I 2025-12-26 19:00:10.596 LabApp] Extension Manager is 'pypi'.
[I 2025-12-26 19:00:10.624 ServerApp] jupyterlab | extension was successfully loaded.
[I 2025-12-26 19:00:10.626 ServerApp] notebook | extension was successfully loaded.
[I 2025-12-26 19:00:10.626 ServerApp] panel.io.jupyter_server_extension | extension was successfully loaded.
[I 2025-12-26 19:00:10.626 ServerApp] Serving notebooks from local directory: /home/jeking/github/pandas_numpy_matplotlib/EDA
[I 2025-12-26 19:00:10.626 ServerApp] Jupyter Server 2.16.0 is running at:
[I 2025-12-26 19:00:10.626 ServerApp] http://localhost:8888/tree?token=185c3de09294e0b3df902c0131d4098c342833951c3b35ad
[I 2025-12-26 19:00:10.626 ServerApp]     http://127.0.0.1:8888/tree?token=185c3de09294e0b3df902c0131d4098c342833951c3b35ad
[I 2025-12-26 19:00:10.626 ServerApp] Use Control-C to stop this server and shut down all kernels (twice to skip confirmation).
[C 2025-12-26 19:00:10.639 ServerApp] 
    
    To access the server, open this file in a browser:
        file:///home/jeking/.local/share/jupyter/runtime/jpserver-73037-open.html
    Or copy and paste one of these URLs:
        http://localhost:8888/tree?token=185c3de09294e0b3df902c0131d4098c342833951c3b35ad
        http://127.0.0.1:8888/tree?token=185c3de09294e0b3df902c0131d4098c342833951c3b35ad
[I 2025-12-26 19:00:10.807 ServerApp] Skipped non-installed server(s): bash-language-server, dockerfile-language-server-nodejs, javascript-typescript-langserver, jedi-language-server, julia-language-server, pyright, python-language-server, r-languageserver, sql-language-server, texlab, typescript-language-server, unified-language-server, vscode-css-languageserver-bin, vscode-html-languageserver-bin, vscode-json-languageserver-bin, yaml-language-server
[I 2025-12-26 19:00:17.294 ServerApp] Kernel started: 2f2e73f3-fe32-4f7e-a96f-d57bad4eebc1
[I 2025-12-26 19:00:17.648 ServerApp] Adapting from protocol version 5.3 (kernel 2f2e73f3-fe32-4f7e-a96f-d57bad4eebc1) to 5.4 (client).
[I 2025-12-26 19:00:17.649 ServerApp] Connecting to kernel 2f2e73f3-fe32-4f7e-a96f-d57bad4eebc1.
[W 2025-12-26 19:00:17.650 ServerApp] The websocket_ping_timeout (90000) cannot be longer than the websocket_ping_interval (30000).
    Setting websocket_ping_timeout=30000
[I 2025-12-26 19:00:17.661 ServerApp] Adapting from protocol version 5.3 (kernel 2f2e73f3-fe32-4f7e-a96f-d57bad4eebc1) to 5.4 (client).
[I 2025-12-26 19:00:17.661 ServerApp] Connecting to kernel 2f2e73f3-fe32-4f7e-a96f-d57bad4eebc1.
[I 2025-12-26 19:00:17.678 ServerApp] Adapting from protocol version 5.3 (kernel 2f2e73f3-fe32-4f7e-a96f-d57bad4eebc1) to 5.4 (client).
[I 2025-12-26 19:00:17.680 ServerApp] Connecting to kernel 2f2e73f3-fe32-4f7e-a96f-d57bad4eebc1.
[I 2025-12-26 19:00:22.623 ServerApp] Adapting from protocol version 5.3 (kernel 2f2e73f3-fe32-4f7e-a96f-d57bad4eebc1) to 5.4 (client).
[I 2025-12-26 19:00:22.624 ServerApp] Connecting to kernel 2f2e73f3-fe32-4f7e-a96f-d57bad4eebc1.
[I 2025-12-26 19:02:17.186 ServerApp] Saving file at /chap7/chap7.ipynb
[I 2025-12-26 19:06:17.614 ServerApp] Saving file at /chap7/chap7.ipynb
[I 2025-12-26 19:08:17.653 ServerApp] Saving file at /chap7/chap7.ipynb
[I 2025-12-26 19:08:40.260 ServerApp] Saving file at /chap7/chap7.ipynb
[I 2025-12-26 19:18:13.518 ServerApp] Creating new notebook in /chap8
[I 2025-12-26 19:18:14.196 ServerApp] Adapting from protocol version 5.3 (kernel 2f2e73f3-fe32-4f7e-a96f-d57bad4eebc1) to 5.4 (client).
[I 2025-12-26 19:18:14.197 ServerApp] Connecting to kernel 2f2e73f3-fe32-4f7e-a96f-d57bad4eebc1.
[I 2025-12-26 19:18:22.089 ServerApp] Kernel started: 7e461606-a64e-419a-bb72-f5d6c729b347
CONDA_PREFIX=/opt/anaconda3/envs/eda_env
[I 2025-12-26 19:18:23.026 ServerApp] Adapting from protocol version 5.3 (kernel 7e461606-a64e-419a-bb72-f5d6c729b347) to 5.4 (client).
[I 2025-12-26 19:18:23.027 ServerApp] Connecting to kernel 7e461606-a64e-419a-bb72-f5d6c729b347.
[I 2025-12-26 19:18:23.038 ServerApp] Adapting from protocol version 5.3 (kernel 7e461606-a64e-419a-bb72-f5d6c729b347) to 5.4 (client).
[I 2025-12-26 19:18:23.039 ServerApp] Connecting to kernel 7e461606-a64e-419a-bb72-f5d6c729b347.
[I 2025-12-26 19:18:23.051 ServerApp] Adapting from protocol version 5.3 (kernel 7e461606-a64e-419a-bb72-f5d6c729b347) to 5.4 (client).
[I 2025-12-26 19:18:23.053 ServerApp] Connecting to kernel 7e461606-a64e-419a-bb72-f5d6c729b347.
[I 2025-12-26 19:18:30.786 ServerApp] Adapting from protocol version 5.3 (kernel 7e461606-a64e-419a-bb72-f5d6c729b347) to 5.4 (client).
[I 2025-12-26 19:18:30.787 ServerApp] Connecting to kernel 7e461606-a64e-419a-bb72-f5d6c729b347.
[I 2025-12-26 19:18:32.043 ServerApp] Starting buffering for 2f2e73f3-fe32-4f7e-a96f-d57bad4eebc1:b0dd830f-c7a0-40fa-94c7-edb8ff34bc15
[I 2025-12-26 19:20:29.386 ServerApp] Saving file at /chap8/chap8.ipynb
[I 2025-12-26 19:22:35.332 ServerApp] Adapting from protocol version 5.3 (kernel 7e461606-a64e-419a-bb72-f5d6c729b347) to 5.4 (client).
[I 2025-12-26 19:22:35.333 ServerApp] Connecting to kernel 7e461606-a64e-419a-bb72-f5d6c729b347.
[I 2025-12-26 19:22:42.216 ServerApp] Adapting from protocol version 5.3 (kernel 2f2e73f3-fe32-4f7e-a96f-d57bad4eebc1) to 5.4 (client).
[I 2025-12-26 19:22:42.218 ServerApp] Connecting to kernel 2f2e73f3-fe32-4f7e-a96f-d57bad4eebc1.
[I 2025-12-26 19:22:42.231 ServerApp] Adapting from protocol version 5.3 (kernel 7e461606-a64e-419a-bb72-f5d6c729b347) to 5.4 (client).
[I 2025-12-26 19:22:42.232 ServerApp] Connecting to kernel 7e461606-a64e-419a-bb72-f5d6c729b347.
[I 2025-12-26 19:22:42.371 ServerApp] Adapting from protocol version 5.3 (kernel 2f2e73f3-fe32-4f7e-a96f-d57bad4eebc1) to 5.4 (client).
[I 2025-12-26 19:22:42.372 ServerApp] Connecting to kernel 2f2e73f3-fe32-4f7e-a96f-d57bad4eebc1.
[I 2025-12-26 19:22:42.384 ServerApp] Adapting from protocol version 5.3 (kernel 7e461606-a64e-419a-bb72-f5d6c729b347) to 5.4 (client).
[I 2025-12-26 19:22:42.385 ServerApp] Connecting to kernel 7e461606-a64e-419a-bb72-f5d6c729b347.
[I 2025-12-26 19:22:42.528 ServerApp] Starting buffering for 2f2e73f3-fe32-4f7e-a96f-d57bad4eebc1:28bc12db-c2b3-4c2f-8025-fd18211226a5
[I 2025-12-26 19:24:29.414 ServerApp] Saving file at /chap8/chap8.ipynb
[I 2025-12-26 19:24:46.214 ServerApp] Adapting from protocol version 5.3 (kernel 2f2e73f3-fe32-4f7e-a96f-d57bad4eebc1) to 5.4 (client).
[I 2025-12-26 19:24:46.217 ServerApp] Connecting to kernel 2f2e73f3-fe32-4f7e-a96f-d57bad4eebc1.
[I 2025-12-26 19:24:46.229 ServerApp] Adapting from protocol version 5.3 (kernel 7e461606-a64e-419a-bb72-f5d6c729b347) to 5.4 (client).
[I 2025-12-26 19:24:46.229 ServerApp] Connecting to kernel 7e461606-a64e-419a-bb72-f5d6c729b347.
[I 2025-12-26 19:24:46.381 ServerApp] Starting buffering for 2f2e73f3-fe32-4f7e-a96f-d57bad4eebc1:066cc4eb-fa49-4f74-8ecd-6a3f71644313
[I 2025-12-26 19:25:39.858 ServerApp] Adapting from protocol version 5.3 (kernel 2f2e73f3-fe32-4f7e-a96f-d57bad4eebc1) to 5.4 (client).
[I 2025-12-26 19:25:39.859 ServerApp] Connecting to kernel 2f2e73f3-fe32-4f7e-a96f-d57bad4eebc1.
[I 2025-12-26 19:25:39.871 ServerApp] Adapting from protocol version 5.3 (kernel 7e461606-a64e-419a-bb72-f5d6c729b347) to 5.4 (client).
[I 2025-12-26 19:25:39.873 ServerApp] Connecting to kernel 7e461606-a64e-419a-bb72-f5d6c729b347.
[I 2025-12-26 19:25:40.004 ServerApp] Starting buffering for 2f2e73f3-fe32-4f7e-a96f-d57bad4eebc1:fb1a3154-12ac-4780-bc7a-e0463655abc7
[I 2025-12-26 19:26:29.623 ServerApp] Saving file at /chap8/chap8.ipynb
[I 2025-12-26 19:28:30.620 ServerApp] Saving file at /chap8/chap8.ipynb
[I 2025-12-26 19:30:31.612 ServerApp] Saving file at /chap8/chap8.ipynb
[I 2025-12-26 20:08:47.092 ServerApp] Adapting from protocol version 5.3 (kernel 2f2e73f3-fe32-4f7e-a96f-d57bad4eebc1) to 5.4 (client).
[I 2025-12-26 20:08:47.093 ServerApp] Connecting to kernel 2f2e73f3-fe32-4f7e-a96f-d57bad4eebc1.
[I 2025-12-26 20:08:47.105 ServerApp] Adapting from protocol version 5.3 (kernel 7e461606-a64e-419a-bb72-f5d6c729b347) to 5.4 (client).
[I 2025-12-26 20:08:47.106 ServerApp] Connecting to kernel 7e461606-a64e-419a-bb72-f5d6c729b347.
[I 2025-12-26 20:08:47.277 ServerApp] Starting buffering for 2f2e73f3-fe32-4f7e-a96f-d57bad4eebc1:2b6311aa-1df7-4371-a397-80585af6a791
[I 2025-12-26 20:08:47.465 ServerApp] Adapting from protocol version 5.3 (kernel 2f2e73f3-fe32-4f7e-a96f-d57bad4eebc1) to 5.4 (client).
[I 2025-12-26 20:08:47.466 ServerApp] Connecting to kernel 2f2e73f3-fe32-4f7e-a96f-d57bad4eebc1.
[I 2025-12-26 20:09:07.926 ServerApp] Starting buffering for 2f2e73f3-fe32-4f7e-a96f-d57bad4eebc1:89cb2fa7-1ac5-4561-823d-42ff9c628d33
[I 2025-12-26 20:15:15.637 ServerApp] Saving file at /chap8/chap8.ipynb
[I 2025-12-26 20:17:02.812 ServerApp] Saving file at /chap8/chap8.ipynb
[I 2025-12-26 20:19:02.843 ServerApp] Saving file at /chap8/chap8.ipynb
[I 2025-12-26 20:20:16.445 ServerApp] Saving file at /chap8/chap8.ipynb
[I 2025-12-26 20:27:38.179 ServerApp] Saving file at /chap8/chap8.ipynb
[I 2025-12-26 20:31:38.206 ServerApp] Saving file at /chap8/chap8.ipynb
[W 2025-12-26 20:33:22.272 ServerApp] 404 GET /api/contents/chap8/chap8.ipynb?content=0&hash=1&contentProviderId=undefined&1766799202261 (0af4acb17caa483b8e832de0e88f07a3@127.0.0.1) 1.79ms referer=http://localhost:8888/notebooks/chap8%2Fchap8.ipynb
[W 2025-12-26 20:33:22.272 ServerApp] 404 GET /api/contents/chap8/chap8.ipynb?content=0&hash=1&contentProviderId=undefined&1766799202261 (127.0.0.1): No such file or directory: chap8/chap8.ipynb
[I 2025-12-26 20:33:22.281 ServerApp] Uploading file to /chap8/chap8.ipynb
[E 2025-12-26 20:33:22.292 ServerApp] Error while saving file: chap8/chap8.ipynb [Errno 2] No such file or directory: '/home/jeking/github/pandas_numpy_matplotlib/EDA/chap8/chap8.ipynb'
    Traceback (most recent call last):
      File "/opt/anaconda3/lib/python3.13/site-packages/jupyter_server/services/contents/filemanager.py", line 963, in save
        await self._save_notebook(os_path, nb, capture_validation_error=validation_error)
      File "/opt/anaconda3/lib/python3.13/site-packages/jupyter_server/services/contents/fileio.py", line 514, in _save_notebook
        with self.atomic_writing(os_path, encoding="utf-8") as f:
             ~~~~~~~~~~~~~~~~~~~^^^^^^^^^^^^^^^^^^^^^^^^^^^
      File "/opt/anaconda3/lib/python3.13/contextlib.py", line 141, in __enter__
        return next(self.gen)
      File "/opt/anaconda3/lib/python3.13/site-packages/jupyter_server/services/contents/fileio.py", line 246, in atomic_writing
        with atomic_writing(os_path, *args, **kwargs) as f:
             ~~~~~~~~~~~~~~^^^^^^^^^^^^^^^^^^^^^^^^^^
      File "/opt/anaconda3/lib/python3.13/contextlib.py", line 141, in __enter__
        return next(self.gen)
      File "/opt/anaconda3/lib/python3.13/site-packages/jupyter_server/services/contents/fileio.py", line 138, in atomic_writing
        fileobj = open(path, "w", encoding=encoding, **kwargs)  # noqa: SIM115
    FileNotFoundError: [Errno 2] No such file or directory: '/home/jeking/github/pandas_numpy_matplotlib/EDA/chap8/chap8.ipynb'
[W 2025-12-26 20:33:22.295 ServerApp] 500 PUT /api/contents/chap8/chap8.ipynb?1766799202277 (127.0.0.1): Unexpected error while saving file: chap8/chap8.ipynb [Errno 2] No such file or directory: '/home/jeking/github/pandas_numpy_matplotlib/EDA/chap8/chap8.ipynb'
[W 2025-12-26 20:33:22.296 ServerApp] wrote error: "Unexpected error while saving file: chap8/chap8.ipynb [Errno 2] No such file or directory: '/home/jeking/github/pandas_numpy_matplotlib/EDA/chap8/chap8.ipynb'"
    Traceback (most recent call last):
      File "/opt/anaconda3/lib/python3.13/site-packages/jupyter_server/services/contents/filemanager.py", line 963, in save
        await self._save_notebook(os_path, nb, capture_validation_error=validation_error)
      File "/opt/anaconda3/lib/python3.13/site-packages/jupyter_server/services/contents/fileio.py", line 514, in _save_notebook
        with self.atomic_writing(os_path, encoding="utf-8") as f:
             ~~~~~~~~~~~~~~~~~~~^^^^^^^^^^^^^^^^^^^^^^^^^^^
      File "/opt/anaconda3/lib/python3.13/contextlib.py", line 141, in __enter__
        return next(self.gen)
      File "/opt/anaconda3/lib/python3.13/site-packages/jupyter_server/services/contents/fileio.py", line 246, in atomic_writing
        with atomic_writing(os_path, *args, **kwargs) as f:
             ~~~~~~~~~~~~~~^^^^^^^^^^^^^^^^^^^^^^^^^^
      File "/opt/anaconda3/lib/python3.13/contextlib.py", line 141, in __enter__
        return next(self.gen)
      File "/opt/anaconda3/lib/python3.13/site-packages/jupyter_server/services/contents/fileio.py", line 138, in atomic_writing
        fileobj = open(path, "w", encoding=encoding, **kwargs)  # noqa: SIM115
    FileNotFoundError: [Errno 2] No such file or directory: '/home/jeking/github/pandas_numpy_matplotlib/EDA/chap8/chap8.ipynb'
    
    The above exception was the direct cause of the following exception:
    
    Traceback (most recent call last):
      File "/opt/anaconda3/lib/python3.13/site-packages/tornado/web.py", line 1859, in _execute
        result = await result
                 ^^^^^^^^^^^^
      File "/opt/anaconda3/lib/python3.13/site-packages/jupyter_server/auth/decorator.py", line 73, in inner
        return await out
               ^^^^^^^^^
      File "/opt/anaconda3/lib/python3.13/site-packages/jupyter_server/services/contents/handlers.py", line 322, in put
        await self._upload(model, path)
      File "/opt/anaconda3/lib/python3.13/site-packages/jupyter_server/services/contents/handlers.py", line 225, in _upload
        model = await ensure_async(self.contents_manager.new(model, path))
                ^^^^^^^^^^^^^^^^^^^^^^^^^^^^^^^^^^^^^^^^^^^^^^^^^^^^^^^^^^
      File "/opt/anaconda3/lib/python3.13/site-packages/jupyter_core/utils/__init__.py", line 214, in ensure_async
        result = await obj
                 ^^^^^^^^^
      File "/opt/anaconda3/lib/python3.13/site-packages/jupyter_server/services/contents/manager.py", line 1017, in new
        model = await self.save(model, path)
                ^^^^^^^^^^^^^^^^^^^^^^^^^^^^
      File "/opt/anaconda3/lib/python3.13/site-packages/jupyter_server/services/contents/largefilemanager.py", line 133, in save
        return await super().save(model, path)
               ^^^^^^^^^^^^^^^^^^^^^^^^^^^^^^^
      File "/opt/anaconda3/lib/python3.13/site-packages/jupyter_server/services/contents/filemanager.py", line 978, in save
        raise web.HTTPError(500, f"Unexpected error while saving file: {path} {e}") from e
    tornado.web.HTTPError: HTTP 500: Internal Server Error (Unexpected error while saving file: chap8/chap8.ipynb [Errno 2] No such file or directory: '/home/jeking/github/pandas_numpy_matplotlib/EDA/chap8/chap8.ipynb')
[E 2025-12-26 20:33:22.301 ServerApp] {
      "Host": "localhost:8888",
      "Accept": "*/*",
      "Referer": "http://localhost:8888/notebooks/chap8%2Fchap8.ipynb",
      "User-Agent": "Mozilla/5.0 (X11; Linux x86_64) AppleWebKit/537.36 (KHTML, like Gecko) Chrome/143.0.0.0 Safari/537.36"
    }
[E 2025-12-26 20:33:22.301 ServerApp] 500 PUT /api/contents/chap8/chap8.ipynb?1766799202277 (0af4acb17caa483b8e832de0e88f07a3@127.0.0.1) 21.23ms referer=http://localhost:8888/notebooks/chap8%2Fchap8.ipynb
[W 2025-12-26 20:33:25.974 ServerApp] 404 GET /api/contents/chap8/chap8.ipynb?content=0&hash=1&contentProviderId=undefined&1766799205966 (0af4acb17caa483b8e832de0e88f07a3@127.0.0.1) 1.54ms referer=http://localhost:8888/notebooks/chap8%2Fchap8.ipynb
[W 2025-12-26 20:33:25.974 ServerApp] 404 GET /api/contents/chap8/chap8.ipynb?content=0&hash=1&contentProviderId=undefined&1766799205966 (127.0.0.1): No such file or directory: chap8/chap8.ipynb
[I 2025-12-26 20:33:25.982 ServerApp] Uploading file to /chap8/chap8.ipynb
[E 2025-12-26 20:33:26.005 ServerApp] Error while saving file: chap8/chap8.ipynb [Errno 2] No such file or directory: '/home/jeking/github/pandas_numpy_matplotlib/EDA/chap8/chap8.ipynb'
    Traceback (most recent call last):
      File "/opt/anaconda3/lib/python3.13/site-packages/jupyter_server/services/contents/filemanager.py", line 963, in save
        await self._save_notebook(os_path, nb, capture_validation_error=validation_error)
      File "/opt/anaconda3/lib/python3.13/site-packages/jupyter_server/services/contents/fileio.py", line 514, in _save_notebook
        with self.atomic_writing(os_path, encoding="utf-8") as f:
             ~~~~~~~~~~~~~~~~~~~^^^^^^^^^^^^^^^^^^^^^^^^^^^
      File "/opt/anaconda3/lib/python3.13/contextlib.py", line 141, in __enter__
        return next(self.gen)
      File "/opt/anaconda3/lib/python3.13/site-packages/jupyter_server/services/contents/fileio.py", line 246, in atomic_writing
        with atomic_writing(os_path, *args, **kwargs) as f:
             ~~~~~~~~~~~~~~^^^^^^^^^^^^^^^^^^^^^^^^^^
      File "/opt/anaconda3/lib/python3.13/contextlib.py", line 141, in __enter__
        return next(self.gen)
      File "/opt/anaconda3/lib/python3.13/site-packages/jupyter_server/services/contents/fileio.py", line 138, in atomic_writing
        fileobj = open(path, "w", encoding=encoding, **kwargs)  # noqa: SIM115
    FileNotFoundError: [Errno 2] No such file or directory: '/home/jeking/github/pandas_numpy_matplotlib/EDA/chap8/chap8.ipynb'
[W 2025-12-26 20:33:26.009 ServerApp] 500 PUT /api/contents/chap8/chap8.ipynb?1766799205978 (127.0.0.1): Unexpected error while saving file: chap8/chap8.ipynb [Errno 2] No such file or directory: '/home/jeking/github/pandas_numpy_matplotlib/EDA/chap8/chap8.ipynb'
[W 2025-12-26 20:33:26.009 ServerApp] wrote error: "Unexpected error while saving file: chap8/chap8.ipynb [Errno 2] No such file or directory: '/home/jeking/github/pandas_numpy_matplotlib/EDA/chap8/chap8.ipynb'"
    Traceback (most recent call last):
      File "/opt/anaconda3/lib/python3.13/site-packages/jupyter_server/services/contents/filemanager.py", line 963, in save
        await self._save_notebook(os_path, nb, capture_validation_error=validation_error)
      File "/opt/anaconda3/lib/python3.13/site-packages/jupyter_server/services/contents/fileio.py", line 514, in _save_notebook
        with self.atomic_writing(os_path, encoding="utf-8") as f:
             ~~~~~~~~~~~~~~~~~~~^^^^^^^^^^^^^^^^^^^^^^^^^^^
      File "/opt/anaconda3/lib/python3.13/contextlib.py", line 141, in __enter__
        return next(self.gen)
      File "/opt/anaconda3/lib/python3.13/site-packages/jupyter_server/services/contents/fileio.py", line 246, in atomic_writing
        with atomic_writing(os_path, *args, **kwargs) as f:
             ~~~~~~~~~~~~~~^^^^^^^^^^^^^^^^^^^^^^^^^^
      File "/opt/anaconda3/lib/python3.13/contextlib.py", line 141, in __enter__
        return next(self.gen)
      File "/opt/anaconda3/lib/python3.13/site-packages/jupyter_server/services/contents/fileio.py", line 138, in atomic_writing
        fileobj = open(path, "w", encoding=encoding, **kwargs)  # noqa: SIM115
    FileNotFoundError: [Errno 2] No such file or directory: '/home/jeking/github/pandas_numpy_matplotlib/EDA/chap8/chap8.ipynb'
    
    The above exception was the direct cause of the following exception:
    
    Traceback (most recent call last):
      File "/opt/anaconda3/lib/python3.13/site-packages/tornado/web.py", line 1859, in _execute
        result = await result
                 ^^^^^^^^^^^^
      File "/opt/anaconda3/lib/python3.13/site-packages/jupyter_server/auth/decorator.py", line 73, in inner
        return await out
               ^^^^^^^^^
      File "/opt/anaconda3/lib/python3.13/site-packages/jupyter_server/services/contents/handlers.py", line 322, in put
        await self._upload(model, path)
      File "/opt/anaconda3/lib/python3.13/site-packages/jupyter_server/services/contents/handlers.py", line 225, in _upload
        model = await ensure_async(self.contents_manager.new(model, path))
                ^^^^^^^^^^^^^^^^^^^^^^^^^^^^^^^^^^^^^^^^^^^^^^^^^^^^^^^^^^
      File "/opt/anaconda3/lib/python3.13/site-packages/jupyter_core/utils/__init__.py", line 214, in ensure_async
        result = await obj
                 ^^^^^^^^^
      File "/opt/anaconda3/lib/python3.13/site-packages/jupyter_server/services/contents/manager.py", line 1017, in new
        model = await self.save(model, path)
                ^^^^^^^^^^^^^^^^^^^^^^^^^^^^
      File "/opt/anaconda3/lib/python3.13/site-packages/jupyter_server/services/contents/largefilemanager.py", line 133, in save
        return await super().save(model, path)
               ^^^^^^^^^^^^^^^^^^^^^^^^^^^^^^^
      File "/opt/anaconda3/lib/python3.13/site-packages/jupyter_server/services/contents/filemanager.py", line 978, in save
        raise web.HTTPError(500, f"Unexpected error while saving file: {path} {e}") from e
    tornado.web.HTTPError: HTTP 500: Internal Server Error (Unexpected error while saving file: chap8/chap8.ipynb [Errno 2] No such file or directory: '/home/jeking/github/pandas_numpy_matplotlib/EDA/chap8/chap8.ipynb')
[E 2025-12-26 20:33:26.016 ServerApp] {
      "Host": "localhost:8888",
      "Accept": "*/*",
      "Referer": "http://localhost:8888/notebooks/chap8%2Fchap8.ipynb",
      "User-Agent": "Mozilla/5.0 (X11; Linux x86_64) AppleWebKit/537.36 (KHTML, like Gecko) Chrome/143.0.0.0 Safari/537.36"
    }
[E 2025-12-26 20:33:26.016 ServerApp] 500 PUT /api/contents/chap8/chap8.ipynb?1766799205978 (0af4acb17caa483b8e832de0e88f07a3@127.0.0.1) 35.02ms referer=http://localhost:8888/notebooks/chap8%2Fchap8.ipynb
[W 2025-12-26 20:33:38.232 ServerApp] 404 GET /api/contents/chap8/chap8.ipynb?content=0&hash=1&contentProviderId=undefined&1766799218224 (0af4acb17caa483b8e832de0e88f07a3@127.0.0.1) 1.41ms referer=http://localhost:8888/notebooks/chap8%2Fchap8.ipynb
[W 2025-12-26 20:33:38.232 ServerApp] 404 GET /api/contents/chap8/chap8.ipynb?content=0&hash=1&contentProviderId=undefined&1766799218224 (127.0.0.1): No such file or directory: chap8/chap8.ipynb
[I 2025-12-26 20:33:38.237 ServerApp] Uploading file to /chap8/chap8.ipynb
[E 2025-12-26 20:33:38.247 ServerApp] Error while saving file: chap8/chap8.ipynb [Errno 2] No such file or directory: '/home/jeking/github/pandas_numpy_matplotlib/EDA/chap8/chap8.ipynb'
    Traceback (most recent call last):
      File "/opt/anaconda3/lib/python3.13/site-packages/jupyter_server/services/contents/filemanager.py", line 963, in save
        await self._save_notebook(os_path, nb, capture_validation_error=validation_error)
      File "/opt/anaconda3/lib/python3.13/site-packages/jupyter_server/services/contents/fileio.py", line 514, in _save_notebook
        with self.atomic_writing(os_path, encoding="utf-8") as f:
             ~~~~~~~~~~~~~~~~~~~^^^^^^^^^^^^^^^^^^^^^^^^^^^
      File "/opt/anaconda3/lib/python3.13/contextlib.py", line 141, in __enter__
        return next(self.gen)
      File "/opt/anaconda3/lib/python3.13/site-packages/jupyter_server/services/contents/fileio.py", line 246, in atomic_writing
        with atomic_writing(os_path, *args, **kwargs) as f:
             ~~~~~~~~~~~~~~^^^^^^^^^^^^^^^^^^^^^^^^^^
      File "/opt/anaconda3/lib/python3.13/contextlib.py", line 141, in __enter__
        return next(self.gen)
      File "/opt/anaconda3/lib/python3.13/site-packages/jupyter_server/services/contents/fileio.py", line 138, in atomic_writing
        fileobj = open(path, "w", encoding=encoding, **kwargs)  # noqa: SIM115
    FileNotFoundError: [Errno 2] No such file or directory: '/home/jeking/github/pandas_numpy_matplotlib/EDA/chap8/chap8.ipynb'
[W 2025-12-26 20:33:38.249 ServerApp] 500 PUT /api/contents/chap8/chap8.ipynb?1766799218235 (127.0.0.1): Unexpected error while saving file: chap8/chap8.ipynb [Errno 2] No such file or directory: '/home/jeking/github/pandas_numpy_matplotlib/EDA/chap8/chap8.ipynb'
[W 2025-12-26 20:33:38.249 ServerApp] wrote error: "Unexpected error while saving file: chap8/chap8.ipynb [Errno 2] No such file or directory: '/home/jeking/github/pandas_numpy_matplotlib/EDA/chap8/chap8.ipynb'"
    Traceback (most recent call last):
      File "/opt/anaconda3/lib/python3.13/site-packages/jupyter_server/services/contents/filemanager.py", line 963, in save
        await self._save_notebook(os_path, nb, capture_validation_error=validation_error)
      File "/opt/anaconda3/lib/python3.13/site-packages/jupyter_server/services/contents/fileio.py", line 514, in _save_notebook
        with self.atomic_writing(os_path, encoding="utf-8") as f:
             ~~~~~~~~~~~~~~~~~~~^^^^^^^^^^^^^^^^^^^^^^^^^^^
      File "/opt/anaconda3/lib/python3.13/contextlib.py", line 141, in __enter__
        return next(self.gen)
      File "/opt/anaconda3/lib/python3.13/site-packages/jupyter_server/services/contents/fileio.py", line 246, in atomic_writing
        with atomic_writing(os_path, *args, **kwargs) as f:
             ~~~~~~~~~~~~~~^^^^^^^^^^^^^^^^^^^^^^^^^^
      File "/opt/anaconda3/lib/python3.13/contextlib.py", line 141, in __enter__
        return next(self.gen)
      File "/opt/anaconda3/lib/python3.13/site-packages/jupyter_server/services/contents/fileio.py", line 138, in atomic_writing
        fileobj = open(path, "w", encoding=encoding, **kwargs)  # noqa: SIM115
    FileNotFoundError: [Errno 2] No such file or directory: '/home/jeking/github/pandas_numpy_matplotlib/EDA/chap8/chap8.ipynb'
    
    The above exception was the direct cause of the following exception:
    
    Traceback (most recent call last):
      File "/opt/anaconda3/lib/python3.13/site-packages/tornado/web.py", line 1859, in _execute
        result = await result
                 ^^^^^^^^^^^^
      File "/opt/anaconda3/lib/python3.13/site-packages/jupyter_server/auth/decorator.py", line 73, in inner
        return await out
               ^^^^^^^^^
      File "/opt/anaconda3/lib/python3.13/site-packages/jupyter_server/services/contents/handlers.py", line 322, in put
        await self._upload(model, path)
      File "/opt/anaconda3/lib/python3.13/site-packages/jupyter_server/services/contents/handlers.py", line 225, in _upload
        model = await ensure_async(self.contents_manager.new(model, path))
                ^^^^^^^^^^^^^^^^^^^^^^^^^^^^^^^^^^^^^^^^^^^^^^^^^^^^^^^^^^
      File "/opt/anaconda3/lib/python3.13/site-packages/jupyter_core/utils/__init__.py", line 214, in ensure_async
        result = await obj
                 ^^^^^^^^^
      File "/opt/anaconda3/lib/python3.13/site-packages/jupyter_server/services/contents/manager.py", line 1017, in new
        model = await self.save(model, path)
                ^^^^^^^^^^^^^^^^^^^^^^^^^^^^
      File "/opt/anaconda3/lib/python3.13/site-packages/jupyter_server/services/contents/largefilemanager.py", line 133, in save
        return await super().save(model, path)
               ^^^^^^^^^^^^^^^^^^^^^^^^^^^^^^^
      File "/opt/anaconda3/lib/python3.13/site-packages/jupyter_server/services/contents/filemanager.py", line 978, in save
        raise web.HTTPError(500, f"Unexpected error while saving file: {path} {e}") from e
    tornado.web.HTTPError: HTTP 500: Internal Server Error (Unexpected error while saving file: chap8/chap8.ipynb [Errno 2] No such file or directory: '/home/jeking/github/pandas_numpy_matplotlib/EDA/chap8/chap8.ipynb')
[E 2025-12-26 20:33:38.251 ServerApp] {
      "Host": "localhost:8888",
      "Accept": "*/*",
      "Referer": "http://localhost:8888/notebooks/chap8%2Fchap8.ipynb",
      "User-Agent": "Mozilla/5.0 (X11; Linux x86_64) AppleWebKit/537.36 (KHTML, like Gecko) Chrome/143.0.0.0 Safari/537.36"
    }
[E 2025-12-26 20:33:38.251 ServerApp] 500 PUT /api/contents/chap8/chap8.ipynb?1766799218235 (0af4acb17caa483b8e832de0e88f07a3@127.0.0.1) 14.14ms referer=http://localhost:8888/notebooks/chap8%2Fchap8.ipynb
[I 2025-12-26 20:34:34.130 ServerApp] Starting buffering for 7e461606-a64e-419a-bb72-f5d6c729b347:df8d09f4-4863-4a2b-b80c-41c3d046fe6d
[I 2025-12-26 20:34:37.248 ServerApp] Adapting from protocol version 5.3 (kernel 2f2e73f3-fe32-4f7e-a96f-d57bad4eebc1) to 5.4 (client).
[I 2025-12-26 20:34:37.249 ServerApp] Connecting to kernel 2f2e73f3-fe32-4f7e-a96f-d57bad4eebc1.
[I 2025-12-26 20:34:37.261 ServerApp] Adapting from protocol version 5.3 (kernel 7e461606-a64e-419a-bb72-f5d6c729b347) to 5.4 (client).
[I 2025-12-26 20:34:37.262 ServerApp] Connecting to kernel 7e461606-a64e-419a-bb72-f5d6c729b347.
[I 2025-12-26 20:34:37.363 ServerApp] Starting buffering for 2f2e73f3-fe32-4f7e-a96f-d57bad4eebc1:d1e46527-e43e-4be3-be6b-628a07d75dbe
[I 2025-12-26 20:34:37.428 ServerApp] Starting buffering for 7e461606-a64e-419a-bb72-f5d6c729b347:3e8b053b-4242-4ce1-9af9-6d85efc54369
[I 2025-12-26 20:37:53.067 ServerApp] Creating new notebook in /chap9_feateng
[I 2025-12-26 20:37:53.713 ServerApp] Adapting from protocol version 5.3 (kernel 2f2e73f3-fe32-4f7e-a96f-d57bad4eebc1) to 5.4 (client).
[I 2025-12-26 20:37:53.717 ServerApp] Connecting to kernel 2f2e73f3-fe32-4f7e-a96f-d57bad4eebc1.
[I 2025-12-26 20:37:53.729 ServerApp] Adapting from protocol version 5.3 (kernel 7e461606-a64e-419a-bb72-f5d6c729b347) to 5.4 (client).
[I 2025-12-26 20:37:53.732 ServerApp] Connecting to kernel 7e461606-a64e-419a-bb72-f5d6c729b347.
[I 2025-12-26 20:37:53.959 ServerApp] Starting buffering for 2f2e73f3-fe32-4f7e-a96f-d57bad4eebc1:c74fd98d-d99e-4d6f-866c-990ca7001b71
[I 2025-12-26 20:37:53.960 ServerApp] Starting buffering for 7e461606-a64e-419a-bb72-f5d6c729b347:c830cf73-45b3-4f8b-a203-45dbfe43d51d
[I 2025-12-26 20:38:01.849 ServerApp] Kernel started: 928c263f-1290-4cb4-bed3-2d48416137fa
CONDA_PREFIX=/opt/anaconda3/envs/eda_env
[I 2025-12-26 20:38:02.807 ServerApp] Adapting from protocol version 5.3 (kernel 928c263f-1290-4cb4-bed3-2d48416137fa) to 5.4 (client).
[I 2025-12-26 20:38:02.807 ServerApp] Connecting to kernel 928c263f-1290-4cb4-bed3-2d48416137fa.
[I 2025-12-26 20:38:24.362 ServerApp] Adapting from protocol version 5.3 (kernel 2f2e73f3-fe32-4f7e-a96f-d57bad4eebc1) to 5.4 (client).
[I 2025-12-26 20:38:24.362 ServerApp] Connecting to kernel 2f2e73f3-fe32-4f7e-a96f-d57bad4eebc1.
[I 2025-12-26 20:38:24.376 ServerApp] Adapting from protocol version 5.3 (kernel 7e461606-a64e-419a-bb72-f5d6c729b347) to 5.4 (client).
[I 2025-12-26 20:38:24.377 ServerApp] Connecting to kernel 7e461606-a64e-419a-bb72-f5d6c729b347.
[I 2025-12-26 20:38:24.391 ServerApp] Adapting from protocol version 5.3 (kernel 928c263f-1290-4cb4-bed3-2d48416137fa) to 5.4 (client).
[I 2025-12-26 20:38:24.393 ServerApp] Connecting to kernel 928c263f-1290-4cb4-bed3-2d48416137fa.
[I 2025-12-26 20:38:24.519 ServerApp] Starting buffering for 2f2e73f3-fe32-4f7e-a96f-d57bad4eebc1:ed468832-ffa1-4488-a462-f84591a98139
[I 2025-12-26 20:38:24.519 ServerApp] Starting buffering for 7e461606-a64e-419a-bb72-f5d6c729b347:8afb2196-df50-437c-958d-77d13e88e7be
[I 2025-12-26 20:38:32.466 ServerApp] Adapting from protocol version 5.3 (kernel 2f2e73f3-fe32-4f7e-a96f-d57bad4eebc1) to 5.4 (client).
[I 2025-12-26 20:38:32.466 ServerApp] Connecting to kernel 2f2e73f3-fe32-4f7e-a96f-d57bad4eebc1.
[I 2025-12-26 20:38:32.478 ServerApp] Adapting from protocol version 5.3 (kernel 7e461606-a64e-419a-bb72-f5d6c729b347) to 5.4 (client).
[I 2025-12-26 20:38:32.479 ServerApp] Connecting to kernel 7e461606-a64e-419a-bb72-f5d6c729b347.
[I 2025-12-26 20:38:32.493 ServerApp] Adapting from protocol version 5.3 (kernel 928c263f-1290-4cb4-bed3-2d48416137fa) to 5.4 (client).
[I 2025-12-26 20:38:32.495 ServerApp] Connecting to kernel 928c263f-1290-4cb4-bed3-2d48416137fa.
[I 2025-12-26 20:38:32.599 ServerApp] Starting buffering for 2f2e73f3-fe32-4f7e-a96f-d57bad4eebc1:40856692-88f9-493a-b430-b422e1b5dee1
[I 2025-12-26 20:38:32.600 ServerApp] Starting buffering for 7e461606-a64e-419a-bb72-f5d6c729b347:42fb0932-84f4-467b-a5ca-ffaf3231cd87
[I 2025-12-26 20:39:30.273 ServerApp] Adapting from protocol version 5.3 (kernel 2f2e73f3-fe32-4f7e-a96f-d57bad4eebc1) to 5.4 (client).
[I 2025-12-26 20:39:30.275 ServerApp] Connecting to kernel 2f2e73f3-fe32-4f7e-a96f-d57bad4eebc1.
[I 2025-12-26 20:39:30.288 ServerApp] Adapting from protocol version 5.3 (kernel 7e461606-a64e-419a-bb72-f5d6c729b347) to 5.4 (client).
[I 2025-12-26 20:39:30.289 ServerApp] Connecting to kernel 7e461606-a64e-419a-bb72-f5d6c729b347.
[I 2025-12-26 20:39:30.302 ServerApp] Adapting from protocol version 5.3 (kernel 928c263f-1290-4cb4-bed3-2d48416137fa) to 5.4 (client).
[I 2025-12-26 20:39:30.303 ServerApp] Connecting to kernel 928c263f-1290-4cb4-bed3-2d48416137fa.
[I 2025-12-26 20:39:30.457 ServerApp] Starting buffering for 2f2e73f3-fe32-4f7e-a96f-d57bad4eebc1:37fe9454-7e31-4156-9a08-cdae25d89983
[I 2025-12-26 20:39:30.462 ServerApp] Starting buffering for 7e461606-a64e-419a-bb72-f5d6c729b347:d3ca387b-e09b-4e54-ac8d-c4ed56936fd0
[I 2025-12-26 20:39:30.660 ServerApp] Kernel started: 447251b0-9d5a-4b94-a50a-c948fb3d8b96
CONDA_PREFIX=/opt/anaconda3/envs/eda_env
[I 2025-12-26 20:39:31.603 ServerApp] Adapting from protocol version 5.3 (kernel 447251b0-9d5a-4b94-a50a-c948fb3d8b96) to 5.4 (client).
[I 2025-12-26 20:39:31.604 ServerApp] Connecting to kernel 447251b0-9d5a-4b94-a50a-c948fb3d8b96.
[I 2025-12-26 20:40:11.610 ServerApp] Saving file at /chap9_feateng/chap9.ipynb
[I 2025-12-26 20:40:27.687 ServerApp] Saving file at /chap8_EDA1/chap8.ipynb
[I 2025-12-26 20:40:29.988 ServerApp] Starting buffering for 447251b0-9d5a-4b94-a50a-c948fb3d8b96:1f62b553-d6fa-47e8-bace-c727dddf7212
Task exception was never retrieved
future: <Task finished name='Task-21714' coro=<WebSocketProtocol13.write_message.<locals>.wrapper() done, defined at /opt/anaconda3/lib/python3.13/site-packages/tornado/websocket.py:1111> exception=WebSocketClosedError()>
Traceback (most recent call last):
  File "/opt/anaconda3/lib/python3.13/site-packages/tornado/websocket.py", line 1113, in wrapper
    await fut
tornado.iostream.StreamClosedError: Stream is closed

During handling of the above exception, another exception occurred:

Traceback (most recent call last):
  File "/opt/anaconda3/lib/python3.13/site-packages/tornado/websocket.py", line 1115, in wrapper
    raise WebSocketClosedError()
tornado.websocket.WebSocketClosedError
[I 2025-12-26 20:40:34.006 ServerApp] Adapting from protocol version 5.3 (kernel 2f2e73f3-fe32-4f7e-a96f-d57bad4eebc1) to 5.4 (client).
[I 2025-12-26 20:40:34.007 ServerApp] Connecting to kernel 2f2e73f3-fe32-4f7e-a96f-d57bad4eebc1.
[I 2025-12-26 20:40:34.020 ServerApp] Adapting from protocol version 5.3 (kernel 7e461606-a64e-419a-bb72-f5d6c729b347) to 5.4 (client).
[I 2025-12-26 20:40:34.020 ServerApp] Connecting to kernel 7e461606-a64e-419a-bb72-f5d6c729b347.
[I 2025-12-26 20:40:34.033 ServerApp] Adapting from protocol version 5.3 (kernel 928c263f-1290-4cb4-bed3-2d48416137fa) to 5.4 (client).
[I 2025-12-26 20:40:34.034 ServerApp] Connecting to kernel 928c263f-1290-4cb4-bed3-2d48416137fa.
[I 2025-12-26 20:40:34.046 ServerApp] Adapting from protocol version 5.3 (kernel 447251b0-9d5a-4b94-a50a-c948fb3d8b96) to 5.4 (client).
[I 2025-12-26 20:40:34.046 ServerApp] Connecting to kernel 447251b0-9d5a-4b94-a50a-c948fb3d8b96.
[I 2025-12-26 20:40:34.144 ServerApp] Starting buffering for 2f2e73f3-fe32-4f7e-a96f-d57bad4eebc1:c52e770b-7a62-4e13-92cc-20d207d469e5
[I 2025-12-26 20:40:34.144 ServerApp] Starting buffering for 7e461606-a64e-419a-bb72-f5d6c729b347:6b5031dc-ba2e-4349-8336-ac768571f22b
[I 2025-12-26 20:40:34.168 ServerApp] Starting buffering for 447251b0-9d5a-4b94-a50a-c948fb3d8b96:81cbb194-852f-4833-b901-a33c48487538
[I 2025-12-26 20:42:11.637 ServerApp] Saving file at /chap9_feateng/chap9.ipynb
[I 2025-12-26 20:42:13.037 ServerApp] Saving file at /chap9_feateng/chap9.ipynb
[I 2025-12-26 20:42:51.743 ServerApp] Saving file at /chap9_feateng/chap9.ipynb
[I 2025-12-26 20:44:51.781 ServerApp] Saving file at /chap9_feateng/chap9.ipynb
[I 2025-12-26 20:46:03.096 ServerApp] Saving file at /chap9_feateng/chap9.ipynb
[I 2025-12-26 20:48:03.126 ServerApp] Saving file at /chap9_feateng/chap9.ipynb
[I 2025-12-26 20:48:30.109 ServerApp] Saving file at /chap9_feateng/chap9.ipynb
[I 2025-12-26 20:50:30.144 ServerApp] Saving file at /chap9_feateng/chap9.ipynb
[I 2025-12-26 20:51:49.088 ServerApp] Saving file at /chap9_feateng/chap9.ipynb
[I 2025-12-26 20:54:58.731 ServerApp] Saving file at /chap9_feateng/chap9.ipynb
[I 2025-12-26 20:56:50.882 ServerApp] Saving file at /chap9_feateng/chap9.ipynb
